CRITICAL - 2023-09-24 02:06:33 --> Undefined array key "file_path.mp3"
in APPPATH\Views\index.php on line 126.
 1 APPPATH\Views\index.php(126): CodeIgniter\Debug\Exceptions->errorHandler(2, 'Undefined array key "file_path.mp3"', 'C:\\laragon\\www\\CodeIgniter4\\Activities\\Under Development\\domingolab2\\lab2\\app\\Views\\index.php', 126)
 2 SYSTEMPATH\View\View.php(226): include('C:\\laragon\\www\\CodeIgniter4\\Activities\\Under Development\\domingolab2\\lab2\\app\\Views\\index.php')
 3 SYSTEMPATH\View\View.php(229): CodeIgniter\View\View->CodeIgniter\View\{closure}()
 4 SYSTEMPATH\Common.php(1188): CodeIgniter\View\View->render('index', [], true)
 5 APPPATH\Controllers\MainController.php(24): view('index', [...])
 6 SYSTEMPATH\CodeIgniter.php(919): App\Controllers\MainController->index()
 7 SYSTEMPATH\CodeIgniter.php(494): CodeIgniter\CodeIgniter->runController(Object(App\Controllers\MainController))
 8 SYSTEMPATH\CodeIgniter.php(353): CodeIgniter\CodeIgniter->handleRequest(null, Object(Config\Cache), false)
 9 FCPATH\index.php(79): CodeIgniter\CodeIgniter->run()
10 SYSTEMPATH\Commands\Server\rewrite.php(47): require_once('C:\\laragon\\www\\CodeIgniter4\\Activities\\Under Development\\domingolab2\\lab2\\public\\index.php')
ERROR - 2023-09-24 02:23:51 --> mysqli_sql_exception: Duplicate entry '0' for key 'songs.PRIMARY' in C:\laragon\www\CodeIgniter4\Activities\Under Development\domingolab2\lab2\vendor\codeigniter4\framework\system\Database\MySQLi\Connection.php:306
Stack trace:
#0 C:\laragon\www\CodeIgniter4\Activities\Under Development\domingolab2\lab2\vendor\codeigniter4\framework\system\Database\MySQLi\Connection.php(306): mysqli->query('INSERT INTO `so...', 0)
#1 C:\laragon\www\CodeIgniter4\Activities\Under Development\domingolab2\lab2\vendor\codeigniter4\framework\system\Database\BaseConnection.php(692): CodeIgniter\Database\MySQLi\Connection->execute('INSERT INTO `so...')
#2 C:\laragon\www\CodeIgniter4\Activities\Under Development\domingolab2\lab2\vendor\codeigniter4\framework\system\Database\BaseConnection.php(606): CodeIgniter\Database\BaseConnection->simpleQuery('INSERT INTO `so...')
#3 C:\laragon\www\CodeIgniter4\Activities\Under Development\domingolab2\lab2\vendor\codeigniter4\framework\system\Database\BaseBuilder.php(2308): CodeIgniter\Database\BaseConnection->query('INSERT INTO `so...', Array, false)
#4 C:\laragon\www\CodeIgniter4\Activities\Under Development\domingolab2\lab2\vendor\codeigniter4\framework\system\Model.php(319): CodeIgniter\Database\BaseBuilder->insert()
#5 C:\laragon\www\CodeIgniter4\Activities\Under Development\domingolab2\lab2\vendor\codeigniter4\framework\system\BaseModel.php(788): CodeIgniter\Model->doInsert(Array)
#6 C:\laragon\www\CodeIgniter4\Activities\Under Development\domingolab2\lab2\vendor\codeigniter4\framework\system\Model.php(715): CodeIgniter\BaseModel->insert(Array, true)
#7 C:\laragon\www\CodeIgniter4\Activities\Under Development\domingolab2\lab2\app\Controllers\MainController.php(50): CodeIgniter\Model->insert(Array)
#8 C:\laragon\www\CodeIgniter4\Activities\Under Development\domingolab2\lab2\vendor\codeigniter4\framework\system\CodeIgniter.php(919): App\Controllers\MainController->saveMusic()
#9 C:\laragon\www\CodeIgniter4\Activities\Under Development\domingolab2\lab2\vendor\codeigniter4\framework\system\CodeIgniter.php(494): CodeIgniter\CodeIgniter->runController(Object(App\Controllers\MainController))
#10 C:\laragon\www\CodeIgniter4\Activities\Under Development\domingolab2\lab2\vendor\codeigniter4\framework\system\CodeIgniter.php(353): CodeIgniter\CodeIgniter->handleRequest(NULL, Object(Config\Cache), false)
#11 C:\laragon\www\CodeIgniter4\Activities\Under Development\domingolab2\lab2\public\index.php(79): CodeIgniter\CodeIgniter->run()
#12 C:\laragon\www\CodeIgniter4\Activities\Under Development\domingolab2\lab2\vendor\codeigniter4\framework\system\Commands\Server\rewrite.php(47): require_once('C:\\laragon\\www\\...')
#13 {main}
CRITICAL - 2023-09-24 02:23:51 --> Duplicate entry '0' for key 'songs.PRIMARY'
in SYSTEMPATH\Database\BaseConnection.php on line 646.
 1 SYSTEMPATH\Database\BaseBuilder.php(2308): CodeIgniter\Database\BaseConnection->query('INSERT INTO `songs` (`title`, `artist`, `album`, `genre`, `file_path`) VALUES (:title:, :artist:, :album:, :genre:, :file_path:)', [...], false)
 2 SYSTEMPATH\Model.php(319): CodeIgniter\Database\BaseBuilder->insert()
 3 SYSTEMPATH\BaseModel.php(788): CodeIgniter\Model->doInsert([...])
 4 SYSTEMPATH\Model.php(715): CodeIgniter\BaseModel->insert([...], true)
 5 APPPATH\Controllers\MainController.php(50): CodeIgniter\Model->insert([...])
 6 SYSTEMPATH\CodeIgniter.php(919): App\Controllers\MainController->saveMusic()
 7 SYSTEMPATH\CodeIgniter.php(494): CodeIgniter\CodeIgniter->runController(Object(App\Controllers\MainController))
 8 SYSTEMPATH\CodeIgniter.php(353): CodeIgniter\CodeIgniter->handleRequest(null, Object(Config\Cache), false)
 9 FCPATH\index.php(79): CodeIgniter\CodeIgniter->run()
10 SYSTEMPATH\Commands\Server\rewrite.php(47): require_once('C:\\laragon\\www\\CodeIgniter4\\Activities\\Under Development\\domingolab2\\lab2\\public\\index.php')
CRITICAL - 2023-09-24 02:35:41 --> Too few arguments to function App\Controllers\MainController::generateUniqueMp3FileName(), 0 passed in C:\laragon\www\CodeIgniter4\Activities\Under Development\domingolab2\lab2\app\Controllers\MainController.php on line 32 and exactly 1 expected
in APPPATH\Controllers\MainController.php on line 56.
 1 APPPATH\Controllers\MainController.php(32): App\Controllers\MainController->generateUniqueMp3FileName()
 2 SYSTEMPATH\CodeIgniter.php(919): App\Controllers\MainController->saveMusic()
 3 SYSTEMPATH\CodeIgniter.php(494): CodeIgniter\CodeIgniter->runController(Object(App\Controllers\MainController))
 4 SYSTEMPATH\CodeIgniter.php(353): CodeIgniter\CodeIgniter->handleRequest(null, Object(Config\Cache), false)
 5 FCPATH\index.php(79): CodeIgniter\CodeIgniter->run()
 6 SYSTEMPATH\Commands\Server\rewrite.php(47): require_once('C:\\laragon\\www\\CodeIgniter4\\Activities\\Under Development\\domingolab2\\lab2\\public\\index.php')
CRITICAL - 2023-09-24 03:07:25 --> Undefined property: App\Controllers\MainController::$input
in APPPATH\Controllers\MainController.php on line 24.
 1 APPPATH\Controllers\MainController.php(24): CodeIgniter\Debug\Exceptions->errorHandler(2, 'Undefined property: App\\Controllers\\MainController::$input', 'C:\\laragon\\www\\CodeIgniter4\\Activities\\Under Development\\domingolab2\\lab2\\app\\Controllers\\MainController.php', 24)
 2 SYSTEMPATH\CodeIgniter.php(919): App\Controllers\MainController->index()
 3 SYSTEMPATH\CodeIgniter.php(494): CodeIgniter\CodeIgniter->runController(Object(App\Controllers\MainController))
 4 SYSTEMPATH\CodeIgniter.php(353): CodeIgniter\CodeIgniter->handleRequest(null, Object(Config\Cache), false)
 5 FCPATH\index.php(79): CodeIgniter\CodeIgniter->run()
 6 SYSTEMPATH\Commands\Server\rewrite.php(47): require_once('C:\\laragon\\www\\CodeIgniter4\\Activities\\Under Development\\domingolab2\\lab2\\public\\index.php')
CRITICAL - 2023-09-24 03:08:19 --> Call to a member function get() on null
in APPPATH\Controllers\MainController.php on line 28.
 1 SYSTEMPATH\CodeIgniter.php(919): App\Controllers\MainController->index()
 2 SYSTEMPATH\CodeIgniter.php(494): CodeIgniter\CodeIgniter->runController(Object(App\Controllers\MainController))
 3 SYSTEMPATH\CodeIgniter.php(353): CodeIgniter\CodeIgniter->handleRequest(null, Object(Config\Cache), false)
 4 FCPATH\index.php(79): CodeIgniter\CodeIgniter->run()
 5 SYSTEMPATH\Commands\Server\rewrite.php(47): require_once('C:\\laragon\\www\\CodeIgniter4\\Activities\\Under Development\\domingolab2\\lab2\\public\\index.php')
CRITICAL - 2023-09-24 03:08:36 --> Call to a member function get() on null
in APPPATH\Controllers\MainController.php on line 28.
 1 SYSTEMPATH\CodeIgniter.php(919): App\Controllers\MainController->index()
 2 SYSTEMPATH\CodeIgniter.php(494): CodeIgniter\CodeIgniter->runController(Object(App\Controllers\MainController))
 3 SYSTEMPATH\CodeIgniter.php(353): CodeIgniter\CodeIgniter->handleRequest(null, Object(Config\Cache), false)
 4 FCPATH\index.php(79): CodeIgniter\CodeIgniter->run()
 5 SYSTEMPATH\Commands\Server\rewrite.php(47): require_once('C:\\laragon\\www\\CodeIgniter4\\Activities\\Under Development\\domingolab2\\lab2\\public\\index.php')
CRITICAL - 2023-09-24 03:10:37 --> Undefined variable $playlists
in APPPATH\Views\index.php on line 68.
 1 APPPATH\Views\index.php(68): CodeIgniter\Debug\Exceptions->errorHandler(2, 'Undefined variable $playlists', 'C:\\laragon\\www\\CodeIgniter4\\Activities\\Under Development\\domingolab2\\lab2\\app\\Views\\index.php', 68)
 2 SYSTEMPATH\View\View.php(226): include('C:\\laragon\\www\\CodeIgniter4\\Activities\\Under Development\\domingolab2\\lab2\\app\\Views\\index.php')
 3 SYSTEMPATH\View\View.php(229): CodeIgniter\View\View->CodeIgniter\View\{closure}()
 4 SYSTEMPATH\Common.php(1188): CodeIgniter\View\View->render('index', [], true)
 5 APPPATH\Controllers\MainController.php(37): view('index', [...])
 6 SYSTEMPATH\CodeIgniter.php(919): App\Controllers\MainController->index()
 7 SYSTEMPATH\CodeIgniter.php(494): CodeIgniter\CodeIgniter->runController(Object(App\Controllers\MainController))
 8 SYSTEMPATH\CodeIgniter.php(353): CodeIgniter\CodeIgniter->handleRequest(null, Object(Config\Cache), false)
 9 FCPATH\index.php(79): CodeIgniter\CodeIgniter->run()
10 SYSTEMPATH\Commands\Server\rewrite.php(47): require_once('C:\\laragon\\www\\CodeIgniter4\\Activities\\Under Development\\domingolab2\\lab2\\public\\index.php')
CRITICAL - 2023-09-24 03:13:11 --> Attempt to read property "file_path" on array
in APPPATH\Views\index.php on line 129.
 1 APPPATH\Views\index.php(129): CodeIgniter\Debug\Exceptions->errorHandler(2, 'Attempt to read property "file_path" on array', 'C:\\laragon\\www\\CodeIgniter4\\Activities\\Under Development\\domingolab2\\lab2\\app\\Views\\index.php', 129)
 2 SYSTEMPATH\View\View.php(226): include('C:\\laragon\\www\\CodeIgniter4\\Activities\\Under Development\\domingolab2\\lab2\\app\\Views\\index.php')
 3 SYSTEMPATH\View\View.php(229): CodeIgniter\View\View->CodeIgniter\View\{closure}()
 4 SYSTEMPATH\Common.php(1188): CodeIgniter\View\View->render('index', [], true)
 5 APPPATH\Controllers\MainController.php(41): view('index', [...])
 6 SYSTEMPATH\CodeIgniter.php(919): App\Controllers\MainController->index()
 7 SYSTEMPATH\CodeIgniter.php(494): CodeIgniter\CodeIgniter->runController(Object(App\Controllers\MainController))
 8 SYSTEMPATH\CodeIgniter.php(353): CodeIgniter\CodeIgniter->handleRequest(null, Object(Config\Cache), false)
 9 FCPATH\index.php(79): CodeIgniter\CodeIgniter->run()
10 SYSTEMPATH\Commands\Server\rewrite.php(47): require_once('C:\\laragon\\www\\CodeIgniter4\\Activities\\Under Development\\domingolab2\\lab2\\public\\index.php')
CRITICAL - 2023-09-24 03:15:53 --> Undefined variable $songs
in APPPATH\Views\index.php on line 135.
 1 APPPATH\Views\index.php(135): CodeIgniter\Debug\Exceptions->errorHandler(2, 'Undefined variable $songs', 'C:\\laragon\\www\\CodeIgniter4\\Activities\\Under Development\\domingolab2\\lab2\\app\\Views\\index.php', 135)
 2 SYSTEMPATH\View\View.php(226): include('C:\\laragon\\www\\CodeIgniter4\\Activities\\Under Development\\domingolab2\\lab2\\app\\Views\\index.php')
 3 SYSTEMPATH\View\View.php(229): CodeIgniter\View\View->CodeIgniter\View\{closure}()
 4 SYSTEMPATH\Common.php(1188): CodeIgniter\View\View->render('index', [], true)
 5 APPPATH\Controllers\MainController.php(38): view('index', [...])
 6 SYSTEMPATH\CodeIgniter.php(919): App\Controllers\MainController->index()
 7 SYSTEMPATH\CodeIgniter.php(494): CodeIgniter\CodeIgniter->runController(Object(App\Controllers\MainController))
 8 SYSTEMPATH\CodeIgniter.php(353): CodeIgniter\CodeIgniter->handleRequest(null, Object(Config\Cache), false)
 9 FCPATH\index.php(79): CodeIgniter\CodeIgniter->run()
10 SYSTEMPATH\Commands\Server\rewrite.php(47): require_once('C:\\laragon\\www\\CodeIgniter4\\Activities\\Under Development\\domingolab2\\lab2\\public\\index.php')
CRITICAL - 2023-09-24 03:24:02 --> Undefined array key "id"
in APPPATH\Views\index.php on line 233.
 1 APPPATH\Views\index.php(233): CodeIgniter\Debug\Exceptions->errorHandler(2, 'Undefined array key "id"', 'C:\\laragon\\www\\CodeIgniter4\\Activities\\Under Development\\domingolab2\\lab2\\app\\Views\\index.php', 233)
 2 SYSTEMPATH\View\View.php(226): include('C:\\laragon\\www\\CodeIgniter4\\Activities\\Under Development\\domingolab2\\lab2\\app\\Views\\index.php')
 3 SYSTEMPATH\View\View.php(229): CodeIgniter\View\View->CodeIgniter\View\{closure}()
 4 SYSTEMPATH\Common.php(1188): CodeIgniter\View\View->render('index', [], true)
 5 APPPATH\Controllers\MainController.php(36): view('index', [...])
 6 SYSTEMPATH\CodeIgniter.php(919): App\Controllers\MainController->index()
 7 SYSTEMPATH\CodeIgniter.php(494): CodeIgniter\CodeIgniter->runController(Object(App\Controllers\MainController))
 8 SYSTEMPATH\CodeIgniter.php(353): CodeIgniter\CodeIgniter->handleRequest(null, Object(Config\Cache), false)
 9 FCPATH\index.php(79): CodeIgniter\CodeIgniter->run()
10 SYSTEMPATH\Commands\Server\rewrite.php(47): require_once('C:\\laragon\\www\\CodeIgniter4\\Activities\\Under Development\\domingolab2\\lab2\\public\\index.php')
CRITICAL - 2023-09-24 03:31:09 --> Attempt to read property "music_id" on array
in APPPATH\Views\index.php on line 108.
 1 APPPATH\Views\index.php(108): CodeIgniter\Debug\Exceptions->errorHandler(2, 'Attempt to read property "music_id" on array', 'C:\\laragon\\www\\CodeIgniter4\\Activities\\Under Development\\domingolab2\\lab2\\app\\Views\\index.php', 108)
 2 SYSTEMPATH\View\View.php(226): include('C:\\laragon\\www\\CodeIgniter4\\Activities\\Under Development\\domingolab2\\lab2\\app\\Views\\index.php')
 3 SYSTEMPATH\View\View.php(229): CodeIgniter\View\View->CodeIgniter\View\{closure}()
 4 SYSTEMPATH\Common.php(1188): CodeIgniter\View\View->render('index', [], true)
 5 APPPATH\Controllers\MainController.php(36): view('index', [...])
 6 SYSTEMPATH\CodeIgniter.php(919): App\Controllers\MainController->index()
 7 SYSTEMPATH\CodeIgniter.php(494): CodeIgniter\CodeIgniter->runController(Object(App\Controllers\MainController))
 8 SYSTEMPATH\CodeIgniter.php(353): CodeIgniter\CodeIgniter->handleRequest(null, Object(Config\Cache), false)
 9 FCPATH\index.php(79): CodeIgniter\CodeIgniter->run()
10 SYSTEMPATH\Commands\Server\rewrite.php(47): require_once('C:\\laragon\\www\\CodeIgniter4\\Activities\\Under Development\\domingolab2\\lab2\\public\\index.php')
CRITICAL - 2023-09-24 03:32:00 --> Undefined variable $result
in APPPATH\Views\index.php on line 108.
 1 APPPATH\Views\index.php(108): CodeIgniter\Debug\Exceptions->errorHandler(2, 'Undefined variable $result', 'C:\\laragon\\www\\CodeIgniter4\\Activities\\Under Development\\domingolab2\\lab2\\app\\Views\\index.php', 108)
 2 SYSTEMPATH\View\View.php(226): include('C:\\laragon\\www\\CodeIgniter4\\Activities\\Under Development\\domingolab2\\lab2\\app\\Views\\index.php')
 3 SYSTEMPATH\View\View.php(229): CodeIgniter\View\View->CodeIgniter\View\{closure}()
 4 SYSTEMPATH\Common.php(1188): CodeIgniter\View\View->render('index', [], true)
 5 APPPATH\Controllers\MainController.php(36): view('index', [...])
 6 SYSTEMPATH\CodeIgniter.php(919): App\Controllers\MainController->index()
 7 SYSTEMPATH\CodeIgniter.php(494): CodeIgniter\CodeIgniter->runController(Object(App\Controllers\MainController))
 8 SYSTEMPATH\CodeIgniter.php(353): CodeIgniter\CodeIgniter->handleRequest(null, Object(Config\Cache), false)
 9 FCPATH\index.php(79): CodeIgniter\CodeIgniter->run()
10 SYSTEMPATH\Commands\Server\rewrite.php(47): require_once('C:\\laragon\\www\\CodeIgniter4\\Activities\\Under Development\\domingolab2\\lab2\\public\\index.php')
ERROR - 2023-09-24 03:32:50 --> mysqli_sql_exception: Cannot add or update a child row: a foreign key constraint fails (`itc311`.`playlistmusic`, CONSTRAINT `playlistmusic_ibfk_2` FOREIGN KEY (`music_id`) REFERENCES `music` (`music_id`)) in C:\laragon\www\CodeIgniter4\Activities\Under Development\domingolab2\lab2\vendor\codeigniter4\framework\system\Database\MySQLi\Connection.php:306
Stack trace:
#0 C:\laragon\www\CodeIgniter4\Activities\Under Development\domingolab2\lab2\vendor\codeigniter4\framework\system\Database\MySQLi\Connection.php(306): mysqli->query('INSERT INTO `pl...', 0)
#1 C:\laragon\www\CodeIgniter4\Activities\Under Development\domingolab2\lab2\vendor\codeigniter4\framework\system\Database\BaseConnection.php(692): CodeIgniter\Database\MySQLi\Connection->execute('INSERT INTO `pl...')
#2 C:\laragon\www\CodeIgniter4\Activities\Under Development\domingolab2\lab2\vendor\codeigniter4\framework\system\Database\BaseConnection.php(606): CodeIgniter\Database\BaseConnection->simpleQuery('INSERT INTO `pl...')
#3 C:\laragon\www\CodeIgniter4\Activities\Under Development\domingolab2\lab2\vendor\codeigniter4\framework\system\Database\BaseBuilder.php(2308): CodeIgniter\Database\BaseConnection->query('INSERT INTO `pl...', Array, false)
#4 C:\laragon\www\CodeIgniter4\Activities\Under Development\domingolab2\lab2\vendor\codeigniter4\framework\system\Model.php(319): CodeIgniter\Database\BaseBuilder->insert()
#5 C:\laragon\www\CodeIgniter4\Activities\Under Development\domingolab2\lab2\vendor\codeigniter4\framework\system\BaseModel.php(788): CodeIgniter\Model->doInsert(Array)
#6 C:\laragon\www\CodeIgniter4\Activities\Under Development\domingolab2\lab2\vendor\codeigniter4\framework\system\Model.php(715): CodeIgniter\BaseModel->insert(Array, true)
#7 C:\laragon\www\CodeIgniter4\Activities\Under Development\domingolab2\lab2\app\Controllers\MainController.php(83): CodeIgniter\Model->insert(Array)
#8 C:\laragon\www\CodeIgniter4\Activities\Under Development\domingolab2\lab2\vendor\codeigniter4\framework\system\CodeIgniter.php(919): App\Controllers\MainController->addToPlaylist()
#9 C:\laragon\www\CodeIgniter4\Activities\Under Development\domingolab2\lab2\vendor\codeigniter4\framework\system\CodeIgniter.php(494): CodeIgniter\CodeIgniter->runController(Object(App\Controllers\MainController))
#10 C:\laragon\www\CodeIgniter4\Activities\Under Development\domingolab2\lab2\vendor\codeigniter4\framework\system\CodeIgniter.php(353): CodeIgniter\CodeIgniter->handleRequest(NULL, Object(Config\Cache), false)
#11 C:\laragon\www\CodeIgniter4\Activities\Under Development\domingolab2\lab2\public\index.php(79): CodeIgniter\CodeIgniter->run()
#12 C:\laragon\www\CodeIgniter4\Activities\Under Development\domingolab2\lab2\vendor\codeigniter4\framework\system\Commands\Server\rewrite.php(47): require_once('C:\\laragon\\www\\...')
#13 {main}
CRITICAL - 2023-09-24 03:32:50 --> Cannot add or update a child row: a foreign key constraint fails (`itc311`.`playlistmusic`, CONSTRAINT `playlistmusic_ibfk_2` FOREIGN KEY (`music_id`) REFERENCES `music` (`music_id`))
in SYSTEMPATH\Database\BaseConnection.php on line 646.
 1 SYSTEMPATH\Database\BaseBuilder.php(2308): CodeIgniter\Database\BaseConnection->query('INSERT INTO `playlistmusic` (`playlist_id`, `music_id`) VALUES (:playlist_id:, :music_id:)', [...], false)
 2 SYSTEMPATH\Model.php(319): CodeIgniter\Database\BaseBuilder->insert()
 3 SYSTEMPATH\BaseModel.php(788): CodeIgniter\Model->doInsert([...])
 4 SYSTEMPATH\Model.php(715): CodeIgniter\BaseModel->insert([...], true)
 5 APPPATH\Controllers\MainController.php(83): CodeIgniter\Model->insert([...])
 6 SYSTEMPATH\CodeIgniter.php(919): App\Controllers\MainController->addToPlaylist()
 7 SYSTEMPATH\CodeIgniter.php(494): CodeIgniter\CodeIgniter->runController(Object(App\Controllers\MainController))
 8 SYSTEMPATH\CodeIgniter.php(353): CodeIgniter\CodeIgniter->handleRequest(null, Object(Config\Cache), false)
 9 FCPATH\index.php(79): CodeIgniter\CodeIgniter->run()
10 SYSTEMPATH\Commands\Server\rewrite.php(47): require_once('C:\\laragon\\www\\CodeIgniter4\\Activities\\Under Development\\domingolab2\\lab2\\public\\index.php')
CRITICAL - 2023-09-24 04:59:53 --> Attempt to read property "file_path" on string
in APPPATH\Views\index.php on line 99.
 1 APPPATH\Views\index.php(99): CodeIgniter\Debug\Exceptions->errorHandler(2, 'Attempt to read property "file_path" on string', 'C:\\laragon\\www\\CodeIgniter4\\Activities\\Under Development\\domingolab2\\lab2\\app\\Views\\index.php', 99)
 2 SYSTEMPATH\View\View.php(226): include('C:\\laragon\\www\\CodeIgniter4\\Activities\\Under Development\\domingolab2\\lab2\\app\\Views\\index.php')
 3 SYSTEMPATH\View\View.php(229): CodeIgniter\View\View->CodeIgniter\View\{closure}()
 4 SYSTEMPATH\Common.php(1188): CodeIgniter\View\View->render('index', [], true)
 5 APPPATH\Controllers\MainController.php(41): view('index', [...])
 6 SYSTEMPATH\CodeIgniter.php(919): App\Controllers\MainController->index('playlist', '1')
 7 SYSTEMPATH\CodeIgniter.php(494): CodeIgniter\CodeIgniter->runController(Object(App\Controllers\MainController))
 8 SYSTEMPATH\CodeIgniter.php(353): CodeIgniter\CodeIgniter->handleRequest(null, Object(Config\Cache), false)
 9 FCPATH\index.php(79): CodeIgniter\CodeIgniter->run()
10 SYSTEMPATH\Commands\Server\rewrite.php(47): require_once('C:\\laragon\\www\\CodeIgniter4\\Activities\\Under Development\\domingolab2\\lab2\\public\\index.php')
CRITICAL - 2023-09-24 05:01:19 --> Attempt to read property "file_path" on string
in APPPATH\Views\index.php on line 99.
 1 APPPATH\Views\index.php(99): CodeIgniter\Debug\Exceptions->errorHandler(2, 'Attempt to read property "file_path" on string', 'C:\\laragon\\www\\CodeIgniter4\\Activities\\Under Development\\domingolab2\\lab2\\app\\Views\\index.php', 99)
 2 SYSTEMPATH\View\View.php(226): include('C:\\laragon\\www\\CodeIgniter4\\Activities\\Under Development\\domingolab2\\lab2\\app\\Views\\index.php')
 3 SYSTEMPATH\View\View.php(229): CodeIgniter\View\View->CodeIgniter\View\{closure}()
 4 SYSTEMPATH\Common.php(1188): CodeIgniter\View\View->render('index', [], true)
 5 APPPATH\Controllers\MainController.php(41): view('index', [...])
 6 SYSTEMPATH\CodeIgniter.php(919): App\Controllers\MainController->index('playlist', '1')
 7 SYSTEMPATH\CodeIgniter.php(494): CodeIgniter\CodeIgniter->runController(Object(App\Controllers\MainController))
 8 SYSTEMPATH\CodeIgniter.php(353): CodeIgniter\CodeIgniter->handleRequest(null, Object(Config\Cache), false)
 9 FCPATH\index.php(79): CodeIgniter\CodeIgniter->run()
10 SYSTEMPATH\Commands\Server\rewrite.php(47): require_once('C:\\laragon\\www\\CodeIgniter4\\Activities\\Under Development\\domingolab2\\lab2\\public\\index.php')
CRITICAL - 2023-09-24 05:02:40 --> Undefined variable $data
in APPPATH\Views\index.php on line 105.
 1 APPPATH\Views\index.php(105): CodeIgniter\Debug\Exceptions->errorHandler(2, 'Undefined variable $data', 'C:\\laragon\\www\\CodeIgniter4\\Activities\\Under Development\\domingolab2\\lab2\\app\\Views\\index.php', 105)
 2 SYSTEMPATH\View\View.php(226): include('C:\\laragon\\www\\CodeIgniter4\\Activities\\Under Development\\domingolab2\\lab2\\app\\Views\\index.php')
 3 SYSTEMPATH\View\View.php(229): CodeIgniter\View\View->CodeIgniter\View\{closure}()
 4 SYSTEMPATH\Common.php(1188): CodeIgniter\View\View->render('index', [], true)
 5 APPPATH\Controllers\MainController.php(39): view('index', [...])
 6 SYSTEMPATH\CodeIgniter.php(919): App\Controllers\MainController->index('playlist', '1')
 7 SYSTEMPATH\CodeIgniter.php(494): CodeIgniter\CodeIgniter->runController(Object(App\Controllers\MainController))
 8 SYSTEMPATH\CodeIgniter.php(353): CodeIgniter\CodeIgniter->handleRequest(null, Object(Config\Cache), false)
 9 FCPATH\index.php(79): CodeIgniter\CodeIgniter->run()
10 SYSTEMPATH\Commands\Server\rewrite.php(47): require_once('C:\\laragon\\www\\CodeIgniter4\\Activities\\Under Development\\domingolab2\\lab2\\public\\index.php')
CRITICAL - 2023-09-24 05:15:29 --> Cannot use object of type CodeIgniter\Router\RouteCollection as array
in APPPATH\Config\Routes.php on line 12.
 1 SYSTEMPATH\Router\RouteCollection.php(339): require()
 2 SYSTEMPATH\CodeIgniter.php(787): CodeIgniter\Router\RouteCollection->loadRoutes()
 3 SYSTEMPATH\CodeIgniter.php(442): CodeIgniter\CodeIgniter->tryToRouteIt(null)
 4 SYSTEMPATH\CodeIgniter.php(353): CodeIgniter\CodeIgniter->handleRequest(null, Object(Config\Cache), false)
 5 FCPATH\index.php(79): CodeIgniter\CodeIgniter->run()
 6 SYSTEMPATH\Commands\Server\rewrite.php(47): require_once('C:\\laragon\\www\\CodeIgniter4\\Activities\\Under Development\\domingolab2\\lab2\\public\\index.php')
ERROR - 2023-09-24 05:16:19 --> mysqli_sql_exception: Unknown column 'Music.duration' in 'field list' in C:\laragon\www\CodeIgniter4\Activities\Under Development\domingolab2\lab2\vendor\codeigniter4\framework\system\Database\MySQLi\Connection.php:306
Stack trace:
#0 C:\laragon\www\CodeIgniter4\Activities\Under Development\domingolab2\lab2\vendor\codeigniter4\framework\system\Database\MySQLi\Connection.php(306): mysqli->query('SELECT `Playlis...', 0)
#1 C:\laragon\www\CodeIgniter4\Activities\Under Development\domingolab2\lab2\vendor\codeigniter4\framework\system\Database\BaseConnection.php(692): CodeIgniter\Database\MySQLi\Connection->execute('SELECT `Playlis...')
#2 C:\laragon\www\CodeIgniter4\Activities\Under Development\domingolab2\lab2\vendor\codeigniter4\framework\system\Database\BaseConnection.php(606): CodeIgniter\Database\BaseConnection->simpleQuery('SELECT `Playlis...')
#3 C:\laragon\www\CodeIgniter4\Activities\Under Development\domingolab2\lab2\vendor\codeigniter4\framework\system\Database\BaseBuilder.php(1615): CodeIgniter\Database\BaseConnection->query('SELECT `Playlis...', Array, false)
#4 C:\laragon\www\CodeIgniter4\Activities\Under Development\domingolab2\lab2\vendor\codeigniter4\framework\system\Model.php(237): CodeIgniter\Database\BaseBuilder->get()
#5 C:\laragon\www\CodeIgniter4\Activities\Under Development\domingolab2\lab2\vendor\codeigniter4\framework\system\BaseModel.php(624): CodeIgniter\Model->doFindAll(0, 0)
#6 C:\laragon\www\CodeIgniter4\Activities\Under Development\domingolab2\lab2\app\Controllers\MainController.php(58): CodeIgniter\BaseModel->findAll()
#7 C:\laragon\www\CodeIgniter4\Activities\Under Development\domingolab2\lab2\app\Controllers\MainController.php(43): App\Controllers\MainController->fetchPlaylistAndSongs('1', Array)
#8 C:\laragon\www\CodeIgniter4\Activities\Under Development\domingolab2\lab2\vendor\codeigniter4\framework\system\CodeIgniter.php(919): App\Controllers\MainController->playlist('1')
#9 C:\laragon\www\CodeIgniter4\Activities\Under Development\domingolab2\lab2\vendor\codeigniter4\framework\system\CodeIgniter.php(494): CodeIgniter\CodeIgniter->runController(Object(App\Controllers\MainController))
#10 C:\laragon\www\CodeIgniter4\Activities\Under Development\domingolab2\lab2\vendor\codeigniter4\framework\system\CodeIgniter.php(353): CodeIgniter\CodeIgniter->handleRequest(NULL, Object(Config\Cache), false)
#11 C:\laragon\www\CodeIgniter4\Activities\Under Development\domingolab2\lab2\public\index.php(79): CodeIgniter\CodeIgniter->run()
#12 C:\laragon\www\CodeIgniter4\Activities\Under Development\domingolab2\lab2\vendor\codeigniter4\framework\system\Commands\Server\rewrite.php(47): require_once('C:\\laragon\\www\\...')
#13 {main}
CRITICAL - 2023-09-24 05:16:19 --> Unknown column 'Music.duration' in 'field list'
in SYSTEMPATH\Database\BaseConnection.php on line 646.
 1 SYSTEMPATH\Database\BaseBuilder.php(1615): CodeIgniter\Database\BaseConnection->query('SELECT `Playlist`.`playlist_id`, `Playlist`.`name`, `Music`.`title`, `Music`.`artist`, `Music`.`duration`, `Music`.`genre`, `Music`.`file_path`
FROM `playlist`
JOIN `PlaylistMusic` ON `PlaylistMusic`.`playlist_id` = `Playlist`.`playlist_id`
JOIN `Music` ON `Music`.`music_id` = `PlaylistMusic`.`music_id`
WHERE `Playlist`.`playlist_id` = :Playlist.playlist_id:', [...], false)
 2 SYSTEMPATH\Model.php(237): CodeIgniter\Database\BaseBuilder->get()
 3 SYSTEMPATH\BaseModel.php(624): CodeIgniter\Model->doFindAll(0, 0)
 4 APPPATH\Controllers\MainController.php(58): CodeIgniter\BaseModel->findAll()
 5 APPPATH\Controllers\MainController.php(43): App\Controllers\MainController->fetchPlaylistAndSongs('1', [])
 6 SYSTEMPATH\CodeIgniter.php(919): App\Controllers\MainController->playlist('1')
 7 SYSTEMPATH\CodeIgniter.php(494): CodeIgniter\CodeIgniter->runController(Object(App\Controllers\MainController))
 8 SYSTEMPATH\CodeIgniter.php(353): CodeIgniter\CodeIgniter->handleRequest(null, Object(Config\Cache), false)
 9 FCPATH\index.php(79): CodeIgniter\CodeIgniter->run()
10 SYSTEMPATH\Commands\Server\rewrite.php(47): require_once('C:\\laragon\\www\\CodeIgniter4\\Activities\\Under Development\\domingolab2\\lab2\\public\\index.php')
CRITICAL - 2023-09-24 05:16:53 --> Undefined property: App\Controllers\MainController::$load
in APPPATH\Controllers\MainController.php on line 47.
 1 APPPATH\Controllers\MainController.php(47): CodeIgniter\Debug\Exceptions->errorHandler(2, 'Undefined property: App\\Controllers\\MainController::$load', 'C:\\laragon\\www\\CodeIgniter4\\Activities\\Under Development\\domingolab2\\lab2\\app\\Controllers\\MainController.php', 47)
 2 SYSTEMPATH\CodeIgniter.php(919): App\Controllers\MainController->playlist('1')
 3 SYSTEMPATH\CodeIgniter.php(494): CodeIgniter\CodeIgniter->runController(Object(App\Controllers\MainController))
 4 SYSTEMPATH\CodeIgniter.php(353): CodeIgniter\CodeIgniter->handleRequest(null, Object(Config\Cache), false)
 5 FCPATH\index.php(79): CodeIgniter\CodeIgniter->run()
 6 SYSTEMPATH\Commands\Server\rewrite.php(47): require_once('C:\\laragon\\www\\CodeIgniter4\\Activities\\Under Development\\domingolab2\\lab2\\public\\index.php')
CRITICAL - 2023-09-24 05:21:27 --> Undefined array key "songs"
in APPPATH\Views\dump.php on line 12.
 1 APPPATH\Views\dump.php(12): CodeIgniter\Debug\Exceptions->errorHandler(2, 'Undefined array key "songs"', 'C:\\laragon\\www\\CodeIgniter4\\Activities\\Under Development\\domingolab2\\lab2\\app\\Views\\dump.php', 12)
 2 SYSTEMPATH\View\View.php(226): include('C:\\laragon\\www\\CodeIgniter4\\Activities\\Under Development\\domingolab2\\lab2\\app\\Views\\dump.php')
 3 SYSTEMPATH\View\View.php(229): CodeIgniter\View\View->CodeIgniter\View\{closure}()
 4 SYSTEMPATH\Common.php(1188): CodeIgniter\View\View->render('dump', [], true)
 5 APPPATH\Controllers\MainController.php(43): view('dump', [...])
 6 SYSTEMPATH\CodeIgniter.php(919): App\Controllers\MainController->playlist('1')
 7 SYSTEMPATH\CodeIgniter.php(494): CodeIgniter\CodeIgniter->runController(Object(App\Controllers\MainController))
 8 SYSTEMPATH\CodeIgniter.php(353): CodeIgniter\CodeIgniter->handleRequest(null, Object(Config\Cache), false)
 9 FCPATH\index.php(79): CodeIgniter\CodeIgniter->run()
10 SYSTEMPATH\Commands\Server\rewrite.php(47): require_once('C:\\laragon\\www\\CodeIgniter4\\Activities\\Under Development\\domingolab2\\lab2\\public\\index.php')
CRITICAL - 2023-09-24 05:21:52 --> Undefined array key "music"
in APPPATH\Views\dump.php on line 12.
 1 APPPATH\Views\dump.php(12): CodeIgniter\Debug\Exceptions->errorHandler(2, 'Undefined array key "music"', 'C:\\laragon\\www\\CodeIgniter4\\Activities\\Under Development\\domingolab2\\lab2\\app\\Views\\dump.php', 12)
 2 SYSTEMPATH\View\View.php(226): include('C:\\laragon\\www\\CodeIgniter4\\Activities\\Under Development\\domingolab2\\lab2\\app\\Views\\dump.php')
 3 SYSTEMPATH\View\View.php(229): CodeIgniter\View\View->CodeIgniter\View\{closure}()
 4 SYSTEMPATH\Common.php(1188): CodeIgniter\View\View->render('dump', [], true)
 5 APPPATH\Controllers\MainController.php(43): view('dump', [...])
 6 SYSTEMPATH\CodeIgniter.php(919): App\Controllers\MainController->playlist('1')
 7 SYSTEMPATH\CodeIgniter.php(494): CodeIgniter\CodeIgniter->runController(Object(App\Controllers\MainController))
 8 SYSTEMPATH\CodeIgniter.php(353): CodeIgniter\CodeIgniter->handleRequest(null, Object(Config\Cache), false)
 9 FCPATH\index.php(79): CodeIgniter\CodeIgniter->run()
10 SYSTEMPATH\Commands\Server\rewrite.php(47): require_once('C:\\laragon\\www\\CodeIgniter4\\Activities\\Under Development\\domingolab2\\lab2\\public\\index.php')
CRITICAL - 2023-09-24 05:22:51 --> Undefined variable $data
in APPPATH\Views\dump.php on line 10.
 1 APPPATH\Views\dump.php(10): CodeIgniter\Debug\Exceptions->errorHandler(2, 'Undefined variable $data', 'C:\\laragon\\www\\CodeIgniter4\\Activities\\Under Development\\domingolab2\\lab2\\app\\Views\\dump.php', 10)
 2 SYSTEMPATH\View\View.php(226): include('C:\\laragon\\www\\CodeIgniter4\\Activities\\Under Development\\domingolab2\\lab2\\app\\Views\\dump.php')
 3 SYSTEMPATH\View\View.php(229): CodeIgniter\View\View->CodeIgniter\View\{closure}()
 4 SYSTEMPATH\Common.php(1188): CodeIgniter\View\View->render('dump', [], true)
 5 APPPATH\Controllers\MainController.php(47): view('dump', [...])
 6 SYSTEMPATH\CodeIgniter.php(919): App\Controllers\MainController->playlist('1')
 7 SYSTEMPATH\CodeIgniter.php(494): CodeIgniter\CodeIgniter->runController(Object(App\Controllers\MainController))
 8 SYSTEMPATH\CodeIgniter.php(353): CodeIgniter\CodeIgniter->handleRequest(null, Object(Config\Cache), false)
 9 FCPATH\index.php(79): CodeIgniter\CodeIgniter->run()
10 SYSTEMPATH\Commands\Server\rewrite.php(47): require_once('C:\\laragon\\www\\CodeIgniter4\\Activities\\Under Development\\domingolab2\\lab2\\public\\index.php')
CRITICAL - 2023-09-24 05:23:30 --> Undefined variable $data
in APPPATH\Views\dump.php on line 10.
 1 APPPATH\Views\dump.php(10): CodeIgniter\Debug\Exceptions->errorHandler(2, 'Undefined variable $data', 'C:\\laragon\\www\\CodeIgniter4\\Activities\\Under Development\\domingolab2\\lab2\\app\\Views\\dump.php', 10)
 2 SYSTEMPATH\View\View.php(226): include('C:\\laragon\\www\\CodeIgniter4\\Activities\\Under Development\\domingolab2\\lab2\\app\\Views\\dump.php')
 3 SYSTEMPATH\View\View.php(229): CodeIgniter\View\View->CodeIgniter\View\{closure}()
 4 SYSTEMPATH\Common.php(1188): CodeIgniter\View\View->render('dump', [], true)
 5 APPPATH\Controllers\MainController.php(47): view('dump', [...])
 6 SYSTEMPATH\CodeIgniter.php(919): App\Controllers\MainController->playlist('1')
 7 SYSTEMPATH\CodeIgniter.php(494): CodeIgniter\CodeIgniter->runController(Object(App\Controllers\MainController))
 8 SYSTEMPATH\CodeIgniter.php(353): CodeIgniter\CodeIgniter->handleRequest(null, Object(Config\Cache), false)
 9 FCPATH\index.php(79): CodeIgniter\CodeIgniter->run()
10 SYSTEMPATH\Commands\Server\rewrite.php(47): require_once('C:\\laragon\\www\\CodeIgniter4\\Activities\\Under Development\\domingolab2\\lab2\\public\\index.php')
CRITICAL - 2023-09-24 05:24:00 --> Undefined variable $data
in APPPATH\Views\dump.php on line 9.
 1 APPPATH\Views\dump.php(9): CodeIgniter\Debug\Exceptions->errorHandler(2, 'Undefined variable $data', 'C:\\laragon\\www\\CodeIgniter4\\Activities\\Under Development\\domingolab2\\lab2\\app\\Views\\dump.php', 9)
 2 SYSTEMPATH\View\View.php(226): include('C:\\laragon\\www\\CodeIgniter4\\Activities\\Under Development\\domingolab2\\lab2\\app\\Views\\dump.php')
 3 SYSTEMPATH\View\View.php(229): CodeIgniter\View\View->CodeIgniter\View\{closure}()
 4 SYSTEMPATH\Common.php(1188): CodeIgniter\View\View->render('dump', [], true)
 5 APPPATH\Controllers\MainController.php(47): view('dump', [...])
 6 SYSTEMPATH\CodeIgniter.php(919): App\Controllers\MainController->playlist('1')
 7 SYSTEMPATH\CodeIgniter.php(494): CodeIgniter\CodeIgniter->runController(Object(App\Controllers\MainController))
 8 SYSTEMPATH\CodeIgniter.php(353): CodeIgniter\CodeIgniter->handleRequest(null, Object(Config\Cache), false)
 9 FCPATH\index.php(79): CodeIgniter\CodeIgniter->run()
10 SYSTEMPATH\Commands\Server\rewrite.php(47): require_once('C:\\laragon\\www\\CodeIgniter4\\Activities\\Under Development\\domingolab2\\lab2\\public\\index.php')
CRITICAL - 2023-09-24 05:25:42 --> Undefined variable $data
in APPPATH\Views\dump.php on line 11.
 1 APPPATH\Views\dump.php(11): CodeIgniter\Debug\Exceptions->errorHandler(2, 'Undefined variable $data', 'C:\\laragon\\www\\CodeIgniter4\\Activities\\Under Development\\domingolab2\\lab2\\app\\Views\\dump.php', 11)
 2 SYSTEMPATH\View\View.php(226): include('C:\\laragon\\www\\CodeIgniter4\\Activities\\Under Development\\domingolab2\\lab2\\app\\Views\\dump.php')
 3 SYSTEMPATH\View\View.php(229): CodeIgniter\View\View->CodeIgniter\View\{closure}()
 4 SYSTEMPATH\Common.php(1188): CodeIgniter\View\View->render('dump', [], true)
 5 APPPATH\Controllers\MainController.php(47): view('dump', [...])
 6 SYSTEMPATH\CodeIgniter.php(919): App\Controllers\MainController->playlist('1')
 7 SYSTEMPATH\CodeIgniter.php(494): CodeIgniter\CodeIgniter->runController(Object(App\Controllers\MainController))
 8 SYSTEMPATH\CodeIgniter.php(353): CodeIgniter\CodeIgniter->handleRequest(null, Object(Config\Cache), false)
 9 FCPATH\index.php(79): CodeIgniter\CodeIgniter->run()
10 SYSTEMPATH\Commands\Server\rewrite.php(47): require_once('C:\\laragon\\www\\CodeIgniter4\\Activities\\Under Development\\domingolab2\\lab2\\public\\index.php')
CRITICAL - 2023-09-24 05:28:33 --> Undefined variable $playlists
in APPPATH\Views\index.php on line 68.
 1 APPPATH\Views\index.php(68): CodeIgniter\Debug\Exceptions->errorHandler(2, 'Undefined variable $playlists', 'C:\\laragon\\www\\CodeIgniter4\\Activities\\Under Development\\domingolab2\\lab2\\app\\Views\\index.php', 68)
 2 SYSTEMPATH\View\View.php(226): include('C:\\laragon\\www\\CodeIgniter4\\Activities\\Under Development\\domingolab2\\lab2\\app\\Views\\index.php')
 3 SYSTEMPATH\View\View.php(229): CodeIgniter\View\View->CodeIgniter\View\{closure}()
 4 SYSTEMPATH\Common.php(1188): CodeIgniter\View\View->render('index', [], true)
 5 APPPATH\Controllers\MainController.php(44): view('index', [...])
 6 SYSTEMPATH\CodeIgniter.php(919): App\Controllers\MainController->playlist('1')
 7 SYSTEMPATH\CodeIgniter.php(494): CodeIgniter\CodeIgniter->runController(Object(App\Controllers\MainController))
 8 SYSTEMPATH\CodeIgniter.php(353): CodeIgniter\CodeIgniter->handleRequest(null, Object(Config\Cache), false)
 9 FCPATH\index.php(79): CodeIgniter\CodeIgniter->run()
10 SYSTEMPATH\Commands\Server\rewrite.php(47): require_once('C:\\laragon\\www\\CodeIgniter4\\Activities\\Under Development\\domingolab2\\lab2\\public\\index.php')
CRITICAL - 2023-09-24 05:30:53 --> syntax error, unexpected end of file, expecting "elseif" or "else" or "endif"
in APPPATH\Views\index.php on line 281.
 1 SYSTEMPATH\View\View.php(229): CodeIgniter\View\View->CodeIgniter\View\{closure}()
 2 SYSTEMPATH\Common.php(1188): CodeIgniter\View\View->render('index', [], true)
 3 APPPATH\Controllers\MainController.php(38): view('index', [...])
 4 SYSTEMPATH\CodeIgniter.php(919): App\Controllers\MainController->index('1')
 5 SYSTEMPATH\CodeIgniter.php(494): CodeIgniter\CodeIgniter->runController(Object(App\Controllers\MainController))
 6 SYSTEMPATH\CodeIgniter.php(353): CodeIgniter\CodeIgniter->handleRequest(null, Object(Config\Cache), false)
 7 FCPATH\index.php(79): CodeIgniter\CodeIgniter->run()
 8 SYSTEMPATH\Commands\Server\rewrite.php(47): require_once('C:\\laragon\\www\\CodeIgniter4\\Activities\\Under Development\\domingolab2\\lab2\\public\\index.php')
CRITICAL - 2023-09-24 05:32:48 --> Cannot access offset of type string on string
in APPPATH\Views\index.php on line 100.
 1 SYSTEMPATH\View\View.php(226): include()
 2 SYSTEMPATH\View\View.php(229): CodeIgniter\View\View->CodeIgniter\View\{closure}()
 3 SYSTEMPATH\Common.php(1188): CodeIgniter\View\View->render('index', [], true)
 4 APPPATH\Controllers\MainController.php(38): view('index', [...])
 5 SYSTEMPATH\CodeIgniter.php(919): App\Controllers\MainController->index('1')
 6 SYSTEMPATH\CodeIgniter.php(494): CodeIgniter\CodeIgniter->runController(Object(App\Controllers\MainController))
 7 SYSTEMPATH\CodeIgniter.php(353): CodeIgniter\CodeIgniter->handleRequest(null, Object(Config\Cache), false)
 8 FCPATH\index.php(79): CodeIgniter\CodeIgniter->run()
 9 SYSTEMPATH\Commands\Server\rewrite.php(47): require_once('C:\\laragon\\www\\CodeIgniter4\\Activities\\Under Development\\domingolab2\\lab2\\public\\index.php')
CRITICAL - 2023-09-24 05:33:14 --> Cannot access offset of type string on string
in APPPATH\Views\index.php on line 106.
 1 SYSTEMPATH\View\View.php(226): include()
 2 SYSTEMPATH\View\View.php(229): CodeIgniter\View\View->CodeIgniter\View\{closure}()
 3 SYSTEMPATH\Common.php(1188): CodeIgniter\View\View->render('index', [], true)
 4 APPPATH\Controllers\MainController.php(38): view('index', [...])
 5 SYSTEMPATH\CodeIgniter.php(919): App\Controllers\MainController->index('1')
 6 SYSTEMPATH\CodeIgniter.php(494): CodeIgniter\CodeIgniter->runController(Object(App\Controllers\MainController))
 7 SYSTEMPATH\CodeIgniter.php(353): CodeIgniter\CodeIgniter->handleRequest(null, Object(Config\Cache), false)
 8 FCPATH\index.php(79): CodeIgniter\CodeIgniter->run()
 9 SYSTEMPATH\Commands\Server\rewrite.php(47): require_once('C:\\laragon\\www\\CodeIgniter4\\Activities\\Under Development\\domingolab2\\lab2\\public\\index.php')
CRITICAL - 2023-09-24 05:33:42 --> Cannot access offset of type string on string
in APPPATH\Views\index.php on line 110.
 1 SYSTEMPATH\View\View.php(226): include()
 2 SYSTEMPATH\View\View.php(229): CodeIgniter\View\View->CodeIgniter\View\{closure}()
 3 SYSTEMPATH\Common.php(1188): CodeIgniter\View\View->render('index', [], true)
 4 APPPATH\Controllers\MainController.php(38): view('index', [...])
 5 SYSTEMPATH\CodeIgniter.php(919): App\Controllers\MainController->index('1')
 6 SYSTEMPATH\CodeIgniter.php(494): CodeIgniter\CodeIgniter->runController(Object(App\Controllers\MainController))
 7 SYSTEMPATH\CodeIgniter.php(353): CodeIgniter\CodeIgniter->handleRequest(null, Object(Config\Cache), false)
 8 FCPATH\index.php(79): CodeIgniter\CodeIgniter->run()
 9 SYSTEMPATH\Commands\Server\rewrite.php(47): require_once('C:\\laragon\\www\\CodeIgniter4\\Activities\\Under Development\\domingolab2\\lab2\\public\\index.php')
CRITICAL - 2023-09-24 05:34:40 --> Cannot access offset of type string on string
in APPPATH\Views\index.php on line 106.
 1 SYSTEMPATH\View\View.php(226): include()
 2 SYSTEMPATH\View\View.php(229): CodeIgniter\View\View->CodeIgniter\View\{closure}()
 3 SYSTEMPATH\Common.php(1188): CodeIgniter\View\View->render('index', [], true)
 4 APPPATH\Controllers\MainController.php(38): view('index', [...])
 5 SYSTEMPATH\CodeIgniter.php(919): App\Controllers\MainController->index('1')
 6 SYSTEMPATH\CodeIgniter.php(494): CodeIgniter\CodeIgniter->runController(Object(App\Controllers\MainController))
 7 SYSTEMPATH\CodeIgniter.php(353): CodeIgniter\CodeIgniter->handleRequest(null, Object(Config\Cache), false)
 8 FCPATH\index.php(79): CodeIgniter\CodeIgniter->run()
 9 SYSTEMPATH\Commands\Server\rewrite.php(47): require_once('C:\\laragon\\www\\CodeIgniter4\\Activities\\Under Development\\domingolab2\\lab2\\public\\index.php')
CRITICAL - 2023-09-24 05:35:51 --> Undefined variable $file_path
in APPPATH\Views\index.php on line 105.
 1 APPPATH\Views\index.php(105): CodeIgniter\Debug\Exceptions->errorHandler(2, 'Undefined variable $file_path', 'C:\\laragon\\www\\CodeIgniter4\\Activities\\Under Development\\domingolab2\\lab2\\app\\Views\\index.php', 105)
 2 SYSTEMPATH\View\View.php(226): include('C:\\laragon\\www\\CodeIgniter4\\Activities\\Under Development\\domingolab2\\lab2\\app\\Views\\index.php')
 3 SYSTEMPATH\View\View.php(229): CodeIgniter\View\View->CodeIgniter\View\{closure}()
 4 SYSTEMPATH\Common.php(1188): CodeIgniter\View\View->render('index', [], true)
 5 APPPATH\Controllers\MainController.php(38): view('index', [...])
 6 SYSTEMPATH\CodeIgniter.php(919): App\Controllers\MainController->index('1')
 7 SYSTEMPATH\CodeIgniter.php(494): CodeIgniter\CodeIgniter->runController(Object(App\Controllers\MainController))
 8 SYSTEMPATH\CodeIgniter.php(353): CodeIgniter\CodeIgniter->handleRequest(null, Object(Config\Cache), false)
 9 FCPATH\index.php(79): CodeIgniter\CodeIgniter->run()
10 SYSTEMPATH\Commands\Server\rewrite.php(47): require_once('C:\\laragon\\www\\CodeIgniter4\\Activities\\Under Development\\domingolab2\\lab2\\public\\index.php')
CRITICAL - 2023-09-24 05:36:58 --> Undefined array key "playlist"
in APPPATH\Views\index.php on line 105.
 1 APPPATH\Views\index.php(105): CodeIgniter\Debug\Exceptions->errorHandler(2, 'Undefined array key "playlist"', 'C:\\laragon\\www\\CodeIgniter4\\Activities\\Under Development\\domingolab2\\lab2\\app\\Views\\index.php', 105)
 2 SYSTEMPATH\View\View.php(226): include('C:\\laragon\\www\\CodeIgniter4\\Activities\\Under Development\\domingolab2\\lab2\\app\\Views\\index.php')
 3 SYSTEMPATH\View\View.php(229): CodeIgniter\View\View->CodeIgniter\View\{closure}()
 4 SYSTEMPATH\Common.php(1188): CodeIgniter\View\View->render('index', [], true)
 5 APPPATH\Controllers\MainController.php(38): view('index', [...])
 6 SYSTEMPATH\CodeIgniter.php(919): App\Controllers\MainController->index('1')
 7 SYSTEMPATH\CodeIgniter.php(494): CodeIgniter\CodeIgniter->runController(Object(App\Controllers\MainController))
 8 SYSTEMPATH\CodeIgniter.php(353): CodeIgniter\CodeIgniter->handleRequest(null, Object(Config\Cache), false)
 9 FCPATH\index.php(79): CodeIgniter\CodeIgniter->run()
10 SYSTEMPATH\Commands\Server\rewrite.php(47): require_once('C:\\laragon\\www\\CodeIgniter4\\Activities\\Under Development\\domingolab2\\lab2\\public\\index.php')
CRITICAL - 2023-09-24 05:37:08 --> Cannot access offset of type string on string
in APPPATH\Views\index.php on line 106.
 1 SYSTEMPATH\View\View.php(226): include()
 2 SYSTEMPATH\View\View.php(229): CodeIgniter\View\View->CodeIgniter\View\{closure}()
 3 SYSTEMPATH\Common.php(1188): CodeIgniter\View\View->render('index', [], true)
 4 APPPATH\Controllers\MainController.php(38): view('index', [...])
 5 SYSTEMPATH\CodeIgniter.php(919): App\Controllers\MainController->index('1')
 6 SYSTEMPATH\CodeIgniter.php(494): CodeIgniter\CodeIgniter->runController(Object(App\Controllers\MainController))
 7 SYSTEMPATH\CodeIgniter.php(353): CodeIgniter\CodeIgniter->handleRequest(null, Object(Config\Cache), false)
 8 FCPATH\index.php(79): CodeIgniter\CodeIgniter->run()
 9 SYSTEMPATH\Commands\Server\rewrite.php(47): require_once('C:\\laragon\\www\\CodeIgniter4\\Activities\\Under Development\\domingolab2\\lab2\\public\\index.php')
CRITICAL - 2023-09-24 05:38:01 --> Undefined array key "playlist"
in APPPATH\Views\index.php on line 105.
 1 APPPATH\Views\index.php(105): CodeIgniter\Debug\Exceptions->errorHandler(2, 'Undefined array key "playlist"', 'C:\\laragon\\www\\CodeIgniter4\\Activities\\Under Development\\domingolab2\\lab2\\app\\Views\\index.php', 105)
 2 SYSTEMPATH\View\View.php(226): include('C:\\laragon\\www\\CodeIgniter4\\Activities\\Under Development\\domingolab2\\lab2\\app\\Views\\index.php')
 3 SYSTEMPATH\View\View.php(229): CodeIgniter\View\View->CodeIgniter\View\{closure}()
 4 SYSTEMPATH\Common.php(1188): CodeIgniter\View\View->render('index', [], true)
 5 APPPATH\Controllers\MainController.php(38): view('index', [...])
 6 SYSTEMPATH\CodeIgniter.php(919): App\Controllers\MainController->index('1')
 7 SYSTEMPATH\CodeIgniter.php(494): CodeIgniter\CodeIgniter->runController(Object(App\Controllers\MainController))
 8 SYSTEMPATH\CodeIgniter.php(353): CodeIgniter\CodeIgniter->handleRequest(null, Object(Config\Cache), false)
 9 FCPATH\index.php(79): CodeIgniter\CodeIgniter->run()
10 SYSTEMPATH\Commands\Server\rewrite.php(47): require_once('C:\\laragon\\www\\CodeIgniter4\\Activities\\Under Development\\domingolab2\\lab2\\public\\index.php')
CRITICAL - 2023-09-24 05:38:15 --> Undefined array key "file_path"
in APPPATH\Views\index.php on line 106.
 1 APPPATH\Views\index.php(106): CodeIgniter\Debug\Exceptions->errorHandler(2, 'Undefined array key "file_path"', 'C:\\laragon\\www\\CodeIgniter4\\Activities\\Under Development\\domingolab2\\lab2\\app\\Views\\index.php', 106)
 2 SYSTEMPATH\View\View.php(226): include('C:\\laragon\\www\\CodeIgniter4\\Activities\\Under Development\\domingolab2\\lab2\\app\\Views\\index.php')
 3 SYSTEMPATH\View\View.php(229): CodeIgniter\View\View->CodeIgniter\View\{closure}()
 4 SYSTEMPATH\Common.php(1188): CodeIgniter\View\View->render('index', [], true)
 5 APPPATH\Controllers\MainController.php(38): view('index', [...])
 6 SYSTEMPATH\CodeIgniter.php(919): App\Controllers\MainController->index('1')
 7 SYSTEMPATH\CodeIgniter.php(494): CodeIgniter\CodeIgniter->runController(Object(App\Controllers\MainController))
 8 SYSTEMPATH\CodeIgniter.php(353): CodeIgniter\CodeIgniter->handleRequest(null, Object(Config\Cache), false)
 9 FCPATH\index.php(79): CodeIgniter\CodeIgniter->run()
10 SYSTEMPATH\Commands\Server\rewrite.php(47): require_once('C:\\laragon\\www\\CodeIgniter4\\Activities\\Under Development\\domingolab2\\lab2\\public\\index.php')
CRITICAL - 2023-09-24 05:39:07 --> Array to string conversion
in APPPATH\Views\index.php on line 106.
 1 APPPATH\Views\index.php(106): CodeIgniter\Debug\Exceptions->errorHandler(2, 'Array to string conversion', 'C:\\laragon\\www\\CodeIgniter4\\Activities\\Under Development\\domingolab2\\lab2\\app\\Views\\index.php', 106)
 2 SYSTEMPATH\View\View.php(226): include('C:\\laragon\\www\\CodeIgniter4\\Activities\\Under Development\\domingolab2\\lab2\\app\\Views\\index.php')
 3 SYSTEMPATH\View\View.php(229): CodeIgniter\View\View->CodeIgniter\View\{closure}()
 4 SYSTEMPATH\Common.php(1188): CodeIgniter\View\View->render('index', [], true)
 5 APPPATH\Controllers\MainController.php(38): view('index', [...])
 6 SYSTEMPATH\CodeIgniter.php(919): App\Controllers\MainController->index('1')
 7 SYSTEMPATH\CodeIgniter.php(494): CodeIgniter\CodeIgniter->runController(Object(App\Controllers\MainController))
 8 SYSTEMPATH\CodeIgniter.php(353): CodeIgniter\CodeIgniter->handleRequest(null, Object(Config\Cache), false)
 9 FCPATH\index.php(79): CodeIgniter\CodeIgniter->run()
10 SYSTEMPATH\Commands\Server\rewrite.php(47): require_once('C:\\laragon\\www\\CodeIgniter4\\Activities\\Under Development\\domingolab2\\lab2\\public\\index.php')
CRITICAL - 2023-09-24 05:41:14 --> Undefined variable $data
in APPPATH\Views\index.php on line 106.
 1 APPPATH\Views\index.php(106): CodeIgniter\Debug\Exceptions->errorHandler(2, 'Undefined variable $data', 'C:\\laragon\\www\\CodeIgniter4\\Activities\\Under Development\\domingolab2\\lab2\\app\\Views\\index.php', 106)
 2 SYSTEMPATH\View\View.php(226): include('C:\\laragon\\www\\CodeIgniter4\\Activities\\Under Development\\domingolab2\\lab2\\app\\Views\\index.php')
 3 SYSTEMPATH\View\View.php(229): CodeIgniter\View\View->CodeIgniter\View\{closure}()
 4 SYSTEMPATH\Common.php(1188): CodeIgniter\View\View->render('index', [], true)
 5 APPPATH\Controllers\MainController.php(38): view('index', [...])
 6 SYSTEMPATH\CodeIgniter.php(919): App\Controllers\MainController->index('1')
 7 SYSTEMPATH\CodeIgniter.php(494): CodeIgniter\CodeIgniter->runController(Object(App\Controllers\MainController))
 8 SYSTEMPATH\CodeIgniter.php(353): CodeIgniter\CodeIgniter->handleRequest(null, Object(Config\Cache), false)
 9 FCPATH\index.php(79): CodeIgniter\CodeIgniter->run()
10 SYSTEMPATH\Commands\Server\rewrite.php(47): require_once('C:\\laragon\\www\\CodeIgniter4\\Activities\\Under Development\\domingolab2\\lab2\\public\\index.php')
CRITICAL - 2023-09-24 05:42:05 --> Array to string conversion
in APPPATH\Views\index.php on line 106.
 1 APPPATH\Views\index.php(106): CodeIgniter\Debug\Exceptions->errorHandler(2, 'Array to string conversion', 'C:\\laragon\\www\\CodeIgniter4\\Activities\\Under Development\\domingolab2\\lab2\\app\\Views\\index.php', 106)
 2 SYSTEMPATH\View\View.php(226): include('C:\\laragon\\www\\CodeIgniter4\\Activities\\Under Development\\domingolab2\\lab2\\app\\Views\\index.php')
 3 SYSTEMPATH\View\View.php(229): CodeIgniter\View\View->CodeIgniter\View\{closure}()
 4 SYSTEMPATH\Common.php(1188): CodeIgniter\View\View->render('index', [], true)
 5 APPPATH\Controllers\MainController.php(38): view('index', [...])
 6 SYSTEMPATH\CodeIgniter.php(919): App\Controllers\MainController->index('1')
 7 SYSTEMPATH\CodeIgniter.php(494): CodeIgniter\CodeIgniter->runController(Object(App\Controllers\MainController))
 8 SYSTEMPATH\CodeIgniter.php(353): CodeIgniter\CodeIgniter->handleRequest(null, Object(Config\Cache), false)
 9 FCPATH\index.php(79): CodeIgniter\CodeIgniter->run()
10 SYSTEMPATH\Commands\Server\rewrite.php(47): require_once('C:\\laragon\\www\\CodeIgniter4\\Activities\\Under Development\\domingolab2\\lab2\\public\\index.php')
CRITICAL - 2023-09-24 05:42:15 --> Array to string conversion
in APPPATH\Views\index.php on line 106.
 1 APPPATH\Views\index.php(106): CodeIgniter\Debug\Exceptions->errorHandler(2, 'Array to string conversion', 'C:\\laragon\\www\\CodeIgniter4\\Activities\\Under Development\\domingolab2\\lab2\\app\\Views\\index.php', 106)
 2 SYSTEMPATH\View\View.php(226): include('C:\\laragon\\www\\CodeIgniter4\\Activities\\Under Development\\domingolab2\\lab2\\app\\Views\\index.php')
 3 SYSTEMPATH\View\View.php(229): CodeIgniter\View\View->CodeIgniter\View\{closure}()
 4 SYSTEMPATH\Common.php(1188): CodeIgniter\View\View->render('index', [], true)
 5 APPPATH\Controllers\MainController.php(38): view('index', [...])
 6 SYSTEMPATH\CodeIgniter.php(919): App\Controllers\MainController->index('1')
 7 SYSTEMPATH\CodeIgniter.php(494): CodeIgniter\CodeIgniter->runController(Object(App\Controllers\MainController))
 8 SYSTEMPATH\CodeIgniter.php(353): CodeIgniter\CodeIgniter->handleRequest(null, Object(Config\Cache), false)
 9 FCPATH\index.php(79): CodeIgniter\CodeIgniter->run()
10 SYSTEMPATH\Commands\Server\rewrite.php(47): require_once('C:\\laragon\\www\\CodeIgniter4\\Activities\\Under Development\\domingolab2\\lab2\\public\\index.php')
CRITICAL - 2023-09-24 05:42:18 --> Array to string conversion
in APPPATH\Views\index.php on line 106.
 1 APPPATH\Views\index.php(106): CodeIgniter\Debug\Exceptions->errorHandler(2, 'Array to string conversion', 'C:\\laragon\\www\\CodeIgniter4\\Activities\\Under Development\\domingolab2\\lab2\\app\\Views\\index.php', 106)
 2 SYSTEMPATH\View\View.php(226): include('C:\\laragon\\www\\CodeIgniter4\\Activities\\Under Development\\domingolab2\\lab2\\app\\Views\\index.php')
 3 SYSTEMPATH\View\View.php(229): CodeIgniter\View\View->CodeIgniter\View\{closure}()
 4 SYSTEMPATH\Common.php(1188): CodeIgniter\View\View->render('index', [], true)
 5 APPPATH\Controllers\MainController.php(38): view('index', [...])
 6 SYSTEMPATH\CodeIgniter.php(919): App\Controllers\MainController->index('', '')
 7 SYSTEMPATH\CodeIgniter.php(494): CodeIgniter\CodeIgniter->runController(Object(App\Controllers\MainController))
 8 SYSTEMPATH\CodeIgniter.php(353): CodeIgniter\CodeIgniter->handleRequest(null, Object(Config\Cache), false)
 9 FCPATH\index.php(79): CodeIgniter\CodeIgniter->run()
10 SYSTEMPATH\Commands\Server\rewrite.php(47): require_once('C:\\laragon\\www\\CodeIgniter4\\Activities\\Under Development\\domingolab2\\lab2\\public\\index.php')
CRITICAL - 2023-09-24 05:42:28 --> Array to string conversion
in APPPATH\Views\index.php on line 106.
 1 APPPATH\Views\index.php(106): CodeIgniter\Debug\Exceptions->errorHandler(2, 'Array to string conversion', 'C:\\laragon\\www\\CodeIgniter4\\Activities\\Under Development\\domingolab2\\lab2\\app\\Views\\index.php', 106)
 2 SYSTEMPATH\View\View.php(226): include('C:\\laragon\\www\\CodeIgniter4\\Activities\\Under Development\\domingolab2\\lab2\\app\\Views\\index.php')
 3 SYSTEMPATH\View\View.php(229): CodeIgniter\View\View->CodeIgniter\View\{closure}()
 4 SYSTEMPATH\Common.php(1188): CodeIgniter\View\View->render('index', [], true)
 5 APPPATH\Controllers\MainController.php(38): view('index', [...])
 6 SYSTEMPATH\CodeIgniter.php(919): App\Controllers\MainController->index('', '')
 7 SYSTEMPATH\CodeIgniter.php(494): CodeIgniter\CodeIgniter->runController(Object(App\Controllers\MainController))
 8 SYSTEMPATH\CodeIgniter.php(353): CodeIgniter\CodeIgniter->handleRequest(null, Object(Config\Cache), false)
 9 FCPATH\index.php(79): CodeIgniter\CodeIgniter->run()
10 SYSTEMPATH\Commands\Server\rewrite.php(47): require_once('C:\\laragon\\www\\CodeIgniter4\\Activities\\Under Development\\domingolab2\\lab2\\public\\index.php')
CRITICAL - 2023-09-24 05:42:40 --> Array to string conversion
in APPPATH\Views\index.php on line 106.
 1 APPPATH\Views\index.php(106): CodeIgniter\Debug\Exceptions->errorHandler(2, 'Array to string conversion', 'C:\\laragon\\www\\CodeIgniter4\\Activities\\Under Development\\domingolab2\\lab2\\app\\Views\\index.php', 106)
 2 SYSTEMPATH\View\View.php(226): include('C:\\laragon\\www\\CodeIgniter4\\Activities\\Under Development\\domingolab2\\lab2\\app\\Views\\index.php')
 3 SYSTEMPATH\View\View.php(229): CodeIgniter\View\View->CodeIgniter\View\{closure}()
 4 SYSTEMPATH\Common.php(1188): CodeIgniter\View\View->render('index', [], true)
 5 APPPATH\Controllers\MainController.php(38): view('index', [...])
 6 SYSTEMPATH\CodeIgniter.php(919): App\Controllers\MainController->index('1')
 7 SYSTEMPATH\CodeIgniter.php(494): CodeIgniter\CodeIgniter->runController(Object(App\Controllers\MainController))
 8 SYSTEMPATH\CodeIgniter.php(353): CodeIgniter\CodeIgniter->handleRequest(null, Object(Config\Cache), false)
 9 FCPATH\index.php(79): CodeIgniter\CodeIgniter->run()
10 SYSTEMPATH\Commands\Server\rewrite.php(47): require_once('C:\\laragon\\www\\CodeIgniter4\\Activities\\Under Development\\domingolab2\\lab2\\public\\index.php')
CRITICAL - 2023-09-24 05:43:58 --> Cannot access offset of type string on string
in APPPATH\Views\dump.php on line 15.
 1 SYSTEMPATH\View\View.php(226): include()
 2 SYSTEMPATH\View\View.php(229): CodeIgniter\View\View->CodeIgniter\View\{closure}()
 3 SYSTEMPATH\Common.php(1188): CodeIgniter\View\View->render('dump', [], true)
 4 APPPATH\Controllers\MainController.php(47): view('dump', [...])
 5 SYSTEMPATH\CodeIgniter.php(919): App\Controllers\MainController->playlist('1')
 6 SYSTEMPATH\CodeIgniter.php(494): CodeIgniter\CodeIgniter->runController(Object(App\Controllers\MainController))
 7 SYSTEMPATH\CodeIgniter.php(353): CodeIgniter\CodeIgniter->handleRequest(null, Object(Config\Cache), false)
 8 FCPATH\index.php(79): CodeIgniter\CodeIgniter->run()
 9 SYSTEMPATH\Commands\Server\rewrite.php(47): require_once('C:\\laragon\\www\\CodeIgniter4\\Activities\\Under Development\\domingolab2\\lab2\\public\\index.php')
CRITICAL - 2023-09-24 05:45:10 --> Cannot access offset of type string on string
in APPPATH\Views\dump.php on line 15.
 1 SYSTEMPATH\View\View.php(226): include()
 2 SYSTEMPATH\View\View.php(229): CodeIgniter\View\View->CodeIgniter\View\{closure}()
 3 SYSTEMPATH\Common.php(1188): CodeIgniter\View\View->render('dump', [], true)
 4 APPPATH\Controllers\MainController.php(47): view('dump', [...])
 5 SYSTEMPATH\CodeIgniter.php(919): App\Controllers\MainController->playlist('1')
 6 SYSTEMPATH\CodeIgniter.php(494): CodeIgniter\CodeIgniter->runController(Object(App\Controllers\MainController))
 7 SYSTEMPATH\CodeIgniter.php(353): CodeIgniter\CodeIgniter->handleRequest(null, Object(Config\Cache), false)
 8 FCPATH\index.php(79): CodeIgniter\CodeIgniter->run()
 9 SYSTEMPATH\Commands\Server\rewrite.php(47): require_once('C:\\laragon\\www\\CodeIgniter4\\Activities\\Under Development\\domingolab2\\lab2\\public\\index.php')
CRITICAL - 2023-09-24 05:45:39 --> Cannot access offset of type string on string
in APPPATH\Views\dump.php on line 18.
 1 SYSTEMPATH\View\View.php(226): include()
 2 SYSTEMPATH\View\View.php(229): CodeIgniter\View\View->CodeIgniter\View\{closure}()
 3 SYSTEMPATH\Common.php(1188): CodeIgniter\View\View->render('dump', [], true)
 4 APPPATH\Controllers\MainController.php(47): view('dump', [...])
 5 SYSTEMPATH\CodeIgniter.php(919): App\Controllers\MainController->playlist('1')
 6 SYSTEMPATH\CodeIgniter.php(494): CodeIgniter\CodeIgniter->runController(Object(App\Controllers\MainController))
 7 SYSTEMPATH\CodeIgniter.php(353): CodeIgniter\CodeIgniter->handleRequest(null, Object(Config\Cache), false)
 8 FCPATH\index.php(79): CodeIgniter\CodeIgniter->run()
 9 SYSTEMPATH\Commands\Server\rewrite.php(47): require_once('C:\\laragon\\www\\CodeIgniter4\\Activities\\Under Development\\domingolab2\\lab2\\public\\index.php')
CRITICAL - 2023-09-24 05:46:28 --> Undefined variable $file_path
in APPPATH\Views\dump.php on line 18.
 1 APPPATH\Views\dump.php(18): CodeIgniter\Debug\Exceptions->errorHandler(2, 'Undefined variable $file_path', 'C:\\laragon\\www\\CodeIgniter4\\Activities\\Under Development\\domingolab2\\lab2\\app\\Views\\dump.php', 18)
 2 SYSTEMPATH\View\View.php(226): include('C:\\laragon\\www\\CodeIgniter4\\Activities\\Under Development\\domingolab2\\lab2\\app\\Views\\dump.php')
 3 SYSTEMPATH\View\View.php(229): CodeIgniter\View\View->CodeIgniter\View\{closure}()
 4 SYSTEMPATH\Common.php(1188): CodeIgniter\View\View->render('dump', [], true)
 5 APPPATH\Controllers\MainController.php(47): view('dump', [...])
 6 SYSTEMPATH\CodeIgniter.php(919): App\Controllers\MainController->playlist('1')
 7 SYSTEMPATH\CodeIgniter.php(494): CodeIgniter\CodeIgniter->runController(Object(App\Controllers\MainController))
 8 SYSTEMPATH\CodeIgniter.php(353): CodeIgniter\CodeIgniter->handleRequest(null, Object(Config\Cache), false)
 9 FCPATH\index.php(79): CodeIgniter\CodeIgniter->run()
10 SYSTEMPATH\Commands\Server\rewrite.php(47): require_once('C:\\laragon\\www\\CodeIgniter4\\Activities\\Under Development\\domingolab2\\lab2\\public\\index.php')
CRITICAL - 2023-09-24 05:46:34 --> Undefined variable $file_path
in APPPATH\Views\dump.php on line 18.
 1 APPPATH\Views\dump.php(18): CodeIgniter\Debug\Exceptions->errorHandler(2, 'Undefined variable $file_path', 'C:\\laragon\\www\\CodeIgniter4\\Activities\\Under Development\\domingolab2\\lab2\\app\\Views\\dump.php', 18)
 2 SYSTEMPATH\View\View.php(226): include('C:\\laragon\\www\\CodeIgniter4\\Activities\\Under Development\\domingolab2\\lab2\\app\\Views\\dump.php')
 3 SYSTEMPATH\View\View.php(229): CodeIgniter\View\View->CodeIgniter\View\{closure}()
 4 SYSTEMPATH\Common.php(1188): CodeIgniter\View\View->render('dump', [], true)
 5 APPPATH\Controllers\MainController.php(47): view('dump', [...])
 6 SYSTEMPATH\CodeIgniter.php(919): App\Controllers\MainController->playlist('1')
 7 SYSTEMPATH\CodeIgniter.php(494): CodeIgniter\CodeIgniter->runController(Object(App\Controllers\MainController))
 8 SYSTEMPATH\CodeIgniter.php(353): CodeIgniter\CodeIgniter->handleRequest(null, Object(Config\Cache), false)
 9 FCPATH\index.php(79): CodeIgniter\CodeIgniter->run()
10 SYSTEMPATH\Commands\Server\rewrite.php(47): require_once('C:\\laragon\\www\\CodeIgniter4\\Activities\\Under Development\\domingolab2\\lab2\\public\\index.php')
CRITICAL - 2023-09-24 05:46:54 --> Cannot access offset of type string on string
in APPPATH\Views\dump.php on line 15.
 1 SYSTEMPATH\View\View.php(226): include()
 2 SYSTEMPATH\View\View.php(229): CodeIgniter\View\View->CodeIgniter\View\{closure}()
 3 SYSTEMPATH\Common.php(1188): CodeIgniter\View\View->render('dump', [], true)
 4 APPPATH\Controllers\MainController.php(47): view('dump', [...])
 5 SYSTEMPATH\CodeIgniter.php(919): App\Controllers\MainController->playlist('1')
 6 SYSTEMPATH\CodeIgniter.php(494): CodeIgniter\CodeIgniter->runController(Object(App\Controllers\MainController))
 7 SYSTEMPATH\CodeIgniter.php(353): CodeIgniter\CodeIgniter->handleRequest(null, Object(Config\Cache), false)
 8 FCPATH\index.php(79): CodeIgniter\CodeIgniter->run()
 9 SYSTEMPATH\Commands\Server\rewrite.php(47): require_once('C:\\laragon\\www\\CodeIgniter4\\Activities\\Under Development\\domingolab2\\lab2\\public\\index.php')
CRITICAL - 2023-09-24 05:50:21 --> Cannot access offset of type string on string
in APPPATH\Views\index.php on line 106.
 1 SYSTEMPATH\View\View.php(226): include()
 2 SYSTEMPATH\View\View.php(229): CodeIgniter\View\View->CodeIgniter\View\{closure}()
 3 SYSTEMPATH\Common.php(1188): CodeIgniter\View\View->render('index', [], true)
 4 APPPATH\Controllers\MainController.php(38): view('index', [...])
 5 SYSTEMPATH\CodeIgniter.php(919): App\Controllers\MainController->index()
 6 SYSTEMPATH\CodeIgniter.php(494): CodeIgniter\CodeIgniter->runController(Object(App\Controllers\MainController))
 7 SYSTEMPATH\CodeIgniter.php(353): CodeIgniter\CodeIgniter->handleRequest(null, Object(Config\Cache), false)
 8 FCPATH\index.php(79): CodeIgniter\CodeIgniter->run()
 9 SYSTEMPATH\Commands\Server\rewrite.php(47): require_once('C:\\laragon\\www\\CodeIgniter4\\Activities\\Under Development\\domingolab2\\lab2\\public\\index.php')
CRITICAL - 2023-09-24 05:53:27 --> Undefined array key "music_id"
in APPPATH\Views\dump.php on line 17.
 1 APPPATH\Views\dump.php(17): CodeIgniter\Debug\Exceptions->errorHandler(2, 'Undefined array key "music_id"', 'C:\\laragon\\www\\CodeIgniter4\\Activities\\Under Development\\domingolab2\\lab2\\app\\Views\\dump.php', 17)
 2 SYSTEMPATH\View\View.php(226): include('C:\\laragon\\www\\CodeIgniter4\\Activities\\Under Development\\domingolab2\\lab2\\app\\Views\\dump.php')
 3 SYSTEMPATH\View\View.php(229): CodeIgniter\View\View->CodeIgniter\View\{closure}()
 4 SYSTEMPATH\Common.php(1188): CodeIgniter\View\View->render('dump', [], true)
 5 APPPATH\Controllers\MainController.php(47): view('dump', [...])
 6 SYSTEMPATH\CodeIgniter.php(919): App\Controllers\MainController->playlist('1')
 7 SYSTEMPATH\CodeIgniter.php(494): CodeIgniter\CodeIgniter->runController(Object(App\Controllers\MainController))
 8 SYSTEMPATH\CodeIgniter.php(353): CodeIgniter\CodeIgniter->handleRequest(null, Object(Config\Cache), false)
 9 FCPATH\index.php(79): CodeIgniter\CodeIgniter->run()
10 SYSTEMPATH\Commands\Server\rewrite.php(47): require_once('C:\\laragon\\www\\CodeIgniter4\\Activities\\Under Development\\domingolab2\\lab2\\public\\index.php')
CRITICAL - 2023-09-24 05:54:14 --> Undefined variable $playlists
in APPPATH\Views\index.php on line 68.
 1 APPPATH\Views\index.php(68): CodeIgniter\Debug\Exceptions->errorHandler(2, 'Undefined variable $playlists', 'C:\\laragon\\www\\CodeIgniter4\\Activities\\Under Development\\domingolab2\\lab2\\app\\Views\\index.php', 68)
 2 SYSTEMPATH\View\View.php(226): include('C:\\laragon\\www\\CodeIgniter4\\Activities\\Under Development\\domingolab2\\lab2\\app\\Views\\index.php')
 3 SYSTEMPATH\View\View.php(229): CodeIgniter\View\View->CodeIgniter\View\{closure}()
 4 SYSTEMPATH\Common.php(1188): CodeIgniter\View\View->render('index', [], true)
 5 APPPATH\Controllers\MainController.php(47): view('index', [...])
 6 SYSTEMPATH\CodeIgniter.php(919): App\Controllers\MainController->playlist('1')
 7 SYSTEMPATH\CodeIgniter.php(494): CodeIgniter\CodeIgniter->runController(Object(App\Controllers\MainController))
 8 SYSTEMPATH\CodeIgniter.php(353): CodeIgniter\CodeIgniter->handleRequest(null, Object(Config\Cache), false)
 9 FCPATH\index.php(79): CodeIgniter\CodeIgniter->run()
10 SYSTEMPATH\Commands\Server\rewrite.php(47): require_once('C:\\laragon\\www\\CodeIgniter4\\Activities\\Under Development\\domingolab2\\lab2\\public\\index.php')
CRITICAL - 2023-09-24 05:54:44 --> Cannot access offset of type string on string
in APPPATH\Views\index.php on line 106.
 1 SYSTEMPATH\View\View.php(226): include()
 2 SYSTEMPATH\View\View.php(229): CodeIgniter\View\View->CodeIgniter\View\{closure}()
 3 SYSTEMPATH\Common.php(1188): CodeIgniter\View\View->render('index', [], true)
 4 APPPATH\Controllers\MainController.php(38): view('index', [...])
 5 SYSTEMPATH\CodeIgniter.php(919): App\Controllers\MainController->index('1')
 6 SYSTEMPATH\CodeIgniter.php(494): CodeIgniter\CodeIgniter->runController(Object(App\Controllers\MainController))
 7 SYSTEMPATH\CodeIgniter.php(353): CodeIgniter\CodeIgniter->handleRequest(null, Object(Config\Cache), false)
 8 FCPATH\index.php(79): CodeIgniter\CodeIgniter->run()
 9 SYSTEMPATH\Commands\Server\rewrite.php(47): require_once('C:\\laragon\\www\\CodeIgniter4\\Activities\\Under Development\\domingolab2\\lab2\\public\\index.php')
CRITICAL - 2023-09-24 05:55:13 --> Cannot access offset of type string on string
in APPPATH\Views\index.php on line 106.
 1 SYSTEMPATH\View\View.php(226): include()
 2 SYSTEMPATH\View\View.php(229): CodeIgniter\View\View->CodeIgniter\View\{closure}()
 3 SYSTEMPATH\Common.php(1188): CodeIgniter\View\View->render('index', [], true)
 4 APPPATH\Controllers\MainController.php(38): view('index', [...])
 5 SYSTEMPATH\CodeIgniter.php(919): App\Controllers\MainController->index('1')
 6 SYSTEMPATH\CodeIgniter.php(494): CodeIgniter\CodeIgniter->runController(Object(App\Controllers\MainController))
 7 SYSTEMPATH\CodeIgniter.php(353): CodeIgniter\CodeIgniter->handleRequest(null, Object(Config\Cache), false)
 8 FCPATH\index.php(79): CodeIgniter\CodeIgniter->run()
 9 SYSTEMPATH\Commands\Server\rewrite.php(47): require_once('C:\\laragon\\www\\CodeIgniter4\\Activities\\Under Development\\domingolab2\\lab2\\public\\index.php')
CRITICAL - 2023-09-24 05:55:17 --> Cannot access offset of type string on string
in APPPATH\Views\index.php on line 106.
 1 SYSTEMPATH\View\View.php(226): include()
 2 SYSTEMPATH\View\View.php(229): CodeIgniter\View\View->CodeIgniter\View\{closure}()
 3 SYSTEMPATH\Common.php(1188): CodeIgniter\View\View->render('index', [], true)
 4 APPPATH\Controllers\MainController.php(38): view('index', [...])
 5 SYSTEMPATH\CodeIgniter.php(919): App\Controllers\MainController->index('', '')
 6 SYSTEMPATH\CodeIgniter.php(494): CodeIgniter\CodeIgniter->runController(Object(App\Controllers\MainController))
 7 SYSTEMPATH\CodeIgniter.php(353): CodeIgniter\CodeIgniter->handleRequest(null, Object(Config\Cache), false)
 8 FCPATH\index.php(79): CodeIgniter\CodeIgniter->run()
 9 SYSTEMPATH\Commands\Server\rewrite.php(47): require_once('C:\\laragon\\www\\CodeIgniter4\\Activities\\Under Development\\domingolab2\\lab2\\public\\index.php')
CRITICAL - 2023-09-24 05:55:39 --> Cannot access offset of type string on string
in APPPATH\Views\index.php on line 106.
 1 SYSTEMPATH\View\View.php(226): include()
 2 SYSTEMPATH\View\View.php(229): CodeIgniter\View\View->CodeIgniter\View\{closure}()
 3 SYSTEMPATH\Common.php(1188): CodeIgniter\View\View->render('index', [], true)
 4 APPPATH\Controllers\MainController.php(38): view('index', [...])
 5 SYSTEMPATH\CodeIgniter.php(919): App\Controllers\MainController->index('', '')
 6 SYSTEMPATH\CodeIgniter.php(494): CodeIgniter\CodeIgniter->runController(Object(App\Controllers\MainController))
 7 SYSTEMPATH\CodeIgniter.php(353): CodeIgniter\CodeIgniter->handleRequest(null, Object(Config\Cache), false)
 8 FCPATH\index.php(79): CodeIgniter\CodeIgniter->run()
 9 SYSTEMPATH\Commands\Server\rewrite.php(47): require_once('C:\\laragon\\www\\CodeIgniter4\\Activities\\Under Development\\domingolab2\\lab2\\public\\index.php')
CRITICAL - 2023-09-24 05:55:46 --> Cannot access offset of type string on string
in APPPATH\Views\index.php on line 106.
 1 SYSTEMPATH\View\View.php(226): include()
 2 SYSTEMPATH\View\View.php(229): CodeIgniter\View\View->CodeIgniter\View\{closure}()
 3 SYSTEMPATH\Common.php(1188): CodeIgniter\View\View->render('index', [], true)
 4 APPPATH\Controllers\MainController.php(38): view('index', [...])
 5 SYSTEMPATH\CodeIgniter.php(919): App\Controllers\MainController->index()
 6 SYSTEMPATH\CodeIgniter.php(494): CodeIgniter\CodeIgniter->runController(Object(App\Controllers\MainController))
 7 SYSTEMPATH\CodeIgniter.php(353): CodeIgniter\CodeIgniter->handleRequest(null, Object(Config\Cache), false)
 8 FCPATH\index.php(79): CodeIgniter\CodeIgniter->run()
 9 SYSTEMPATH\Commands\Server\rewrite.php(47): require_once('C:\\laragon\\www\\CodeIgniter4\\Activities\\Under Development\\domingolab2\\lab2\\public\\index.php')
CRITICAL - 2023-09-24 05:55:59 --> Cannot access offset of type string on string
in APPPATH\Views\index.php on line 106.
 1 SYSTEMPATH\View\View.php(226): include()
 2 SYSTEMPATH\View\View.php(229): CodeIgniter\View\View->CodeIgniter\View\{closure}()
 3 SYSTEMPATH\Common.php(1188): CodeIgniter\View\View->render('index', [], true)
 4 APPPATH\Controllers\MainController.php(38): view('index', [...])
 5 SYSTEMPATH\CodeIgniter.php(919): App\Controllers\MainController->index('1')
 6 SYSTEMPATH\CodeIgniter.php(494): CodeIgniter\CodeIgniter->runController(Object(App\Controllers\MainController))
 7 SYSTEMPATH\CodeIgniter.php(353): CodeIgniter\CodeIgniter->handleRequest(null, Object(Config\Cache), false)
 8 FCPATH\index.php(79): CodeIgniter\CodeIgniter->run()
 9 SYSTEMPATH\Commands\Server\rewrite.php(47): require_once('C:\\laragon\\www\\CodeIgniter4\\Activities\\Under Development\\domingolab2\\lab2\\public\\index.php')
CRITICAL - 2023-09-24 05:56:33 --> Cannot access offset of type string on string
in APPPATH\Views\index.php on line 106.
 1 SYSTEMPATH\View\View.php(226): include()
 2 SYSTEMPATH\View\View.php(229): CodeIgniter\View\View->CodeIgniter\View\{closure}()
 3 SYSTEMPATH\Common.php(1188): CodeIgniter\View\View->render('index', [], true)
 4 APPPATH\Controllers\MainController.php(38): view('index', [...])
 5 SYSTEMPATH\CodeIgniter.php(919): App\Controllers\MainController->index('1')
 6 SYSTEMPATH\CodeIgniter.php(494): CodeIgniter\CodeIgniter->runController(Object(App\Controllers\MainController))
 7 SYSTEMPATH\CodeIgniter.php(353): CodeIgniter\CodeIgniter->handleRequest(null, Object(Config\Cache), false)
 8 FCPATH\index.php(79): CodeIgniter\CodeIgniter->run()
 9 SYSTEMPATH\Commands\Server\rewrite.php(47): require_once('C:\\laragon\\www\\CodeIgniter4\\Activities\\Under Development\\domingolab2\\lab2\\public\\index.php')
CRITICAL - 2023-09-24 05:56:36 --> Cannot access offset of type string on string
in APPPATH\Views\index.php on line 106.
 1 SYSTEMPATH\View\View.php(226): include()
 2 SYSTEMPATH\View\View.php(229): CodeIgniter\View\View->CodeIgniter\View\{closure}()
 3 SYSTEMPATH\Common.php(1188): CodeIgniter\View\View->render('index', [], true)
 4 APPPATH\Controllers\MainController.php(38): view('index', [...])
 5 SYSTEMPATH\CodeIgniter.php(919): App\Controllers\MainController->index()
 6 SYSTEMPATH\CodeIgniter.php(494): CodeIgniter\CodeIgniter->runController(Object(App\Controllers\MainController))
 7 SYSTEMPATH\CodeIgniter.php(353): CodeIgniter\CodeIgniter->handleRequest(null, Object(Config\Cache), false)
 8 FCPATH\index.php(79): CodeIgniter\CodeIgniter->run()
 9 SYSTEMPATH\Commands\Server\rewrite.php(47): require_once('C:\\laragon\\www\\CodeIgniter4\\Activities\\Under Development\\domingolab2\\lab2\\public\\index.php')
CRITICAL - 2023-09-24 05:59:39 --> Undefined variable $playlists
in APPPATH\Views\index.php on line 68.
 1 APPPATH\Views\index.php(68): CodeIgniter\Debug\Exceptions->errorHandler(2, 'Undefined variable $playlists', 'C:\\laragon\\www\\CodeIgniter4\\Activities\\Under Development\\domingolab2\\lab2\\app\\Views\\index.php', 68)
 2 SYSTEMPATH\View\View.php(226): include('C:\\laragon\\www\\CodeIgniter4\\Activities\\Under Development\\domingolab2\\lab2\\app\\Views\\index.php')
 3 SYSTEMPATH\View\View.php(229): CodeIgniter\View\View->CodeIgniter\View\{closure}()
 4 SYSTEMPATH\Common.php(1188): CodeIgniter\View\View->render('index', [], true)
 5 APPPATH\Controllers\MainController.php(44): view('index', [...])
 6 SYSTEMPATH\CodeIgniter.php(919): App\Controllers\MainController->playlist('1')
 7 SYSTEMPATH\CodeIgniter.php(494): CodeIgniter\CodeIgniter->runController(Object(App\Controllers\MainController))
 8 SYSTEMPATH\CodeIgniter.php(353): CodeIgniter\CodeIgniter->handleRequest(null, Object(Config\Cache), false)
 9 FCPATH\index.php(79): CodeIgniter\CodeIgniter->run()
10 SYSTEMPATH\Commands\Server\rewrite.php(47): require_once('C:\\laragon\\www\\CodeIgniter4\\Activities\\Under Development\\domingolab2\\lab2\\public\\index.php')
CRITICAL - 2023-09-24 05:59:52 --> Undefined variable $songs
in APPPATH\Views\index.php on line 105.
 1 APPPATH\Views\index.php(105): CodeIgniter\Debug\Exceptions->errorHandler(2, 'Undefined variable $songs', 'C:\\laragon\\www\\CodeIgniter4\\Activities\\Under Development\\domingolab2\\lab2\\app\\Views\\index.php', 105)
 2 SYSTEMPATH\View\View.php(226): include('C:\\laragon\\www\\CodeIgniter4\\Activities\\Under Development\\domingolab2\\lab2\\app\\Views\\index.php')
 3 SYSTEMPATH\View\View.php(229): CodeIgniter\View\View->CodeIgniter\View\{closure}()
 4 SYSTEMPATH\Common.php(1188): CodeIgniter\View\View->render('index', [], true)
 5 APPPATH\Controllers\MainController.php(45): view('index', [...])
 6 SYSTEMPATH\CodeIgniter.php(919): App\Controllers\MainController->playlist('1')
 7 SYSTEMPATH\CodeIgniter.php(494): CodeIgniter\CodeIgniter->runController(Object(App\Controllers\MainController))
 8 SYSTEMPATH\CodeIgniter.php(353): CodeIgniter\CodeIgniter->handleRequest(null, Object(Config\Cache), false)
 9 FCPATH\index.php(79): CodeIgniter\CodeIgniter->run()
10 SYSTEMPATH\Commands\Server\rewrite.php(47): require_once('C:\\laragon\\www\\CodeIgniter4\\Activities\\Under Development\\domingolab2\\lab2\\public\\index.php')
CRITICAL - 2023-09-24 06:00:54 --> Cannot access offset of type string on string
in APPPATH\Views\index.php on line 106.
 1 SYSTEMPATH\View\View.php(226): include()
 2 SYSTEMPATH\View\View.php(229): CodeIgniter\View\View->CodeIgniter\View\{closure}()
 3 SYSTEMPATH\Common.php(1188): CodeIgniter\View\View->render('index', [], true)
 4 APPPATH\Controllers\MainController.php(46): view('index', [...])
 5 SYSTEMPATH\CodeIgniter.php(919): App\Controllers\MainController->playlist('1')
 6 SYSTEMPATH\CodeIgniter.php(494): CodeIgniter\CodeIgniter->runController(Object(App\Controllers\MainController))
 7 SYSTEMPATH\CodeIgniter.php(353): CodeIgniter\CodeIgniter->handleRequest(null, Object(Config\Cache), false)
 8 FCPATH\index.php(79): CodeIgniter\CodeIgniter->run()
 9 SYSTEMPATH\Commands\Server\rewrite.php(47): require_once('C:\\laragon\\www\\CodeIgniter4\\Activities\\Under Development\\domingolab2\\lab2\\public\\index.php')
CRITICAL - 2023-09-24 06:02:08 --> Cannot access offset of type string on string
in APPPATH\Views\index.php on line 106.
 1 SYSTEMPATH\View\View.php(226): include()
 2 SYSTEMPATH\View\View.php(229): CodeIgniter\View\View->CodeIgniter\View\{closure}()
 3 SYSTEMPATH\Common.php(1188): CodeIgniter\View\View->render('index', [], true)
 4 APPPATH\Controllers\MainController.php(46): view('index', [...])
 5 SYSTEMPATH\CodeIgniter.php(919): App\Controllers\MainController->playlist('1')
 6 SYSTEMPATH\CodeIgniter.php(494): CodeIgniter\CodeIgniter->runController(Object(App\Controllers\MainController))
 7 SYSTEMPATH\CodeIgniter.php(353): CodeIgniter\CodeIgniter->handleRequest(null, Object(Config\Cache), false)
 8 FCPATH\index.php(79): CodeIgniter\CodeIgniter->run()
 9 SYSTEMPATH\Commands\Server\rewrite.php(47): require_once('C:\\laragon\\www\\CodeIgniter4\\Activities\\Under Development\\domingolab2\\lab2\\public\\index.php')
CRITICAL - 2023-09-24 06:03:02 --> Undefined variable $playlistResults
in APPPATH\Views\index.php on line 105.
 1 APPPATH\Views\index.php(105): CodeIgniter\Debug\Exceptions->errorHandler(2, 'Undefined variable $playlistResults', 'C:\\laragon\\www\\CodeIgniter4\\Activities\\Under Development\\domingolab2\\lab2\\app\\Views\\index.php', 105)
 2 SYSTEMPATH\View\View.php(226): include('C:\\laragon\\www\\CodeIgniter4\\Activities\\Under Development\\domingolab2\\lab2\\app\\Views\\index.php')
 3 SYSTEMPATH\View\View.php(229): CodeIgniter\View\View->CodeIgniter\View\{closure}()
 4 SYSTEMPATH\Common.php(1188): CodeIgniter\View\View->render('index', [], true)
 5 APPPATH\Controllers\MainController.php(39): view('index', [...])
 6 SYSTEMPATH\CodeIgniter.php(919): App\Controllers\MainController->index('1')
 7 SYSTEMPATH\CodeIgniter.php(494): CodeIgniter\CodeIgniter->runController(Object(App\Controllers\MainController))
 8 SYSTEMPATH\CodeIgniter.php(353): CodeIgniter\CodeIgniter->handleRequest(null, Object(Config\Cache), false)
 9 FCPATH\index.php(79): CodeIgniter\CodeIgniter->run()
10 SYSTEMPATH\Commands\Server\rewrite.php(47): require_once('C:\\laragon\\www\\CodeIgniter4\\Activities\\Under Development\\domingolab2\\lab2\\public\\index.php')
CRITICAL - 2023-09-24 06:03:29 --> Cannot access offset of type string on string
in APPPATH\Views\index.php on line 106.
 1 SYSTEMPATH\View\View.php(226): include()
 2 SYSTEMPATH\View\View.php(229): CodeIgniter\View\View->CodeIgniter\View\{closure}()
 3 SYSTEMPATH\Common.php(1188): CodeIgniter\View\View->render('index', [], true)
 4 APPPATH\Controllers\MainController.php(39): view('index', [...])
 5 SYSTEMPATH\CodeIgniter.php(919): App\Controllers\MainController->index('1')
 6 SYSTEMPATH\CodeIgniter.php(494): CodeIgniter\CodeIgniter->runController(Object(App\Controllers\MainController))
 7 SYSTEMPATH\CodeIgniter.php(353): CodeIgniter\CodeIgniter->handleRequest(null, Object(Config\Cache), false)
 8 FCPATH\index.php(79): CodeIgniter\CodeIgniter->run()
 9 SYSTEMPATH\Commands\Server\rewrite.php(47): require_once('C:\\laragon\\www\\CodeIgniter4\\Activities\\Under Development\\domingolab2\\lab2\\public\\index.php')
CRITICAL - 2023-09-24 07:05:38 --> Undefined variable $playlistId
in APPPATH\Controllers\MainController.php on line 42.
 1 APPPATH\Controllers\MainController.php(42): CodeIgniter\Debug\Exceptions->errorHandler(2, 'Undefined variable $playlistId', 'C:\\laragon\\www\\CodeIgniter4\\Activities\\Under Development\\domingolab2\\lab2\\app\\Controllers\\MainController.php', 42)
 2 SYSTEMPATH\CodeIgniter.php(919): App\Controllers\MainController->playlist('1')
 3 SYSTEMPATH\CodeIgniter.php(494): CodeIgniter\CodeIgniter->runController(Object(App\Controllers\MainController))
 4 SYSTEMPATH\CodeIgniter.php(353): CodeIgniter\CodeIgniter->handleRequest(null, Object(Config\Cache), false)
 5 FCPATH\index.php(79): CodeIgniter\CodeIgniter->run()
 6 SYSTEMPATH\Commands\Server\rewrite.php(47): require_once('C:\\laragon\\www\\CodeIgniter4\\Activities\\Under Development\\domingolab2\\lab2\\public\\index.php')
CRITICAL - 2023-09-24 07:05:48 --> Undefined variable $playlists
in APPPATH\Views\dump.php on line 68.
 1 APPPATH\Views\dump.php(68): CodeIgniter\Debug\Exceptions->errorHandler(2, 'Undefined variable $playlists', 'C:\\laragon\\www\\CodeIgniter4\\Activities\\Under Development\\domingolab2\\lab2\\app\\Views\\dump.php', 68)
 2 SYSTEMPATH\View\View.php(226): include('C:\\laragon\\www\\CodeIgniter4\\Activities\\Under Development\\domingolab2\\lab2\\app\\Views\\dump.php')
 3 SYSTEMPATH\View\View.php(229): CodeIgniter\View\View->CodeIgniter\View\{closure}()
 4 SYSTEMPATH\Common.php(1188): CodeIgniter\View\View->render('dump', [], true)
 5 APPPATH\Controllers\MainController.php(43): view('dump', [...])
 6 SYSTEMPATH\CodeIgniter.php(919): App\Controllers\MainController->playlist('1')
 7 SYSTEMPATH\CodeIgniter.php(494): CodeIgniter\CodeIgniter->runController(Object(App\Controllers\MainController))
 8 SYSTEMPATH\CodeIgniter.php(353): CodeIgniter\CodeIgniter->handleRequest(null, Object(Config\Cache), false)
 9 FCPATH\index.php(79): CodeIgniter\CodeIgniter->run()
10 SYSTEMPATH\Commands\Server\rewrite.php(47): require_once('C:\\laragon\\www\\CodeIgniter4\\Activities\\Under Development\\domingolab2\\lab2\\public\\index.php')
CRITICAL - 2023-09-24 07:06:06 --> Undefined variable $data
in APPPATH\Controllers\MainController.php on line 43.
 1 APPPATH\Controllers\MainController.php(43): CodeIgniter\Debug\Exceptions->errorHandler(2, 'Undefined variable $data', 'C:\\laragon\\www\\CodeIgniter4\\Activities\\Under Development\\domingolab2\\lab2\\app\\Controllers\\MainController.php', 43)
 2 SYSTEMPATH\CodeIgniter.php(919): App\Controllers\MainController->playlist('1')
 3 SYSTEMPATH\CodeIgniter.php(494): CodeIgniter\CodeIgniter->runController(Object(App\Controllers\MainController))
 4 SYSTEMPATH\CodeIgniter.php(353): CodeIgniter\CodeIgniter->handleRequest(null, Object(Config\Cache), false)
 5 FCPATH\index.php(79): CodeIgniter\CodeIgniter->run()
 6 SYSTEMPATH\Commands\Server\rewrite.php(47): require_once('C:\\laragon\\www\\CodeIgniter4\\Activities\\Under Development\\domingolab2\\lab2\\public\\index.php')
CRITICAL - 2023-09-24 07:06:33 --> Undefined variable $data
in APPPATH\Controllers\MainController.php on line 43.
 1 APPPATH\Controllers\MainController.php(43): CodeIgniter\Debug\Exceptions->errorHandler(2, 'Undefined variable $data', 'C:\\laragon\\www\\CodeIgniter4\\Activities\\Under Development\\domingolab2\\lab2\\app\\Controllers\\MainController.php', 43)
 2 SYSTEMPATH\CodeIgniter.php(919): App\Controllers\MainController->playlist('1')
 3 SYSTEMPATH\CodeIgniter.php(494): CodeIgniter\CodeIgniter->runController(Object(App\Controllers\MainController))
 4 SYSTEMPATH\CodeIgniter.php(353): CodeIgniter\CodeIgniter->handleRequest(null, Object(Config\Cache), false)
 5 FCPATH\index.php(79): CodeIgniter\CodeIgniter->run()
 6 SYSTEMPATH\Commands\Server\rewrite.php(47): require_once('C:\\laragon\\www\\CodeIgniter4\\Activities\\Under Development\\domingolab2\\lab2\\public\\index.php')
CRITICAL - 2023-09-24 07:06:42 --> Undefined variable $playlists
in APPPATH\Views\dump.php on line 68.
 1 APPPATH\Views\dump.php(68): CodeIgniter\Debug\Exceptions->errorHandler(2, 'Undefined variable $playlists', 'C:\\laragon\\www\\CodeIgniter4\\Activities\\Under Development\\domingolab2\\lab2\\app\\Views\\dump.php', 68)
 2 SYSTEMPATH\View\View.php(226): include('C:\\laragon\\www\\CodeIgniter4\\Activities\\Under Development\\domingolab2\\lab2\\app\\Views\\dump.php')
 3 SYSTEMPATH\View\View.php(229): CodeIgniter\View\View->CodeIgniter\View\{closure}()
 4 SYSTEMPATH\Common.php(1188): CodeIgniter\View\View->render('dump', [], true)
 5 APPPATH\Controllers\MainController.php(45): view('dump', [...])
 6 SYSTEMPATH\CodeIgniter.php(919): App\Controllers\MainController->playlist('1')
 7 SYSTEMPATH\CodeIgniter.php(494): CodeIgniter\CodeIgniter->runController(Object(App\Controllers\MainController))
 8 SYSTEMPATH\CodeIgniter.php(353): CodeIgniter\CodeIgniter->handleRequest(null, Object(Config\Cache), false)
 9 FCPATH\index.php(79): CodeIgniter\CodeIgniter->run()
10 SYSTEMPATH\Commands\Server\rewrite.php(47): require_once('C:\\laragon\\www\\CodeIgniter4\\Activities\\Under Development\\domingolab2\\lab2\\public\\index.php')
CRITICAL - 2023-09-24 07:07:33 --> Undefined variable $playlistId
in APPPATH\Controllers\MainController.php on line 43.
 1 APPPATH\Controllers\MainController.php(43): CodeIgniter\Debug\Exceptions->errorHandler(2, 'Undefined variable $playlistId', 'C:\\laragon\\www\\CodeIgniter4\\Activities\\Under Development\\domingolab2\\lab2\\app\\Controllers\\MainController.php', 43)
 2 SYSTEMPATH\CodeIgniter.php(919): App\Controllers\MainController->playlist('1')
 3 SYSTEMPATH\CodeIgniter.php(494): CodeIgniter\CodeIgniter->runController(Object(App\Controllers\MainController))
 4 SYSTEMPATH\CodeIgniter.php(353): CodeIgniter\CodeIgniter->handleRequest(null, Object(Config\Cache), false)
 5 FCPATH\index.php(79): CodeIgniter\CodeIgniter->run()
 6 SYSTEMPATH\Commands\Server\rewrite.php(47): require_once('C:\\laragon\\www\\CodeIgniter4\\Activities\\Under Development\\domingolab2\\lab2\\public\\index.php')
CRITICAL - 2023-09-24 07:07:41 --> Undefined variable $playlists
in APPPATH\Views\dump.php on line 68.
 1 APPPATH\Views\dump.php(68): CodeIgniter\Debug\Exceptions->errorHandler(2, 'Undefined variable $playlists', 'C:\\laragon\\www\\CodeIgniter4\\Activities\\Under Development\\domingolab2\\lab2\\app\\Views\\dump.php', 68)
 2 SYSTEMPATH\View\View.php(226): include('C:\\laragon\\www\\CodeIgniter4\\Activities\\Under Development\\domingolab2\\lab2\\app\\Views\\dump.php')
 3 SYSTEMPATH\View\View.php(229): CodeIgniter\View\View->CodeIgniter\View\{closure}()
 4 SYSTEMPATH\Common.php(1188): CodeIgniter\View\View->render('dump', [], true)
 5 APPPATH\Controllers\MainController.php(44): view('dump', [...])
 6 SYSTEMPATH\CodeIgniter.php(919): App\Controllers\MainController->playlist('1')
 7 SYSTEMPATH\CodeIgniter.php(494): CodeIgniter\CodeIgniter->runController(Object(App\Controllers\MainController))
 8 SYSTEMPATH\CodeIgniter.php(353): CodeIgniter\CodeIgniter->handleRequest(null, Object(Config\Cache), false)
 9 FCPATH\index.php(79): CodeIgniter\CodeIgniter->run()
10 SYSTEMPATH\Commands\Server\rewrite.php(47): require_once('C:\\laragon\\www\\CodeIgniter4\\Activities\\Under Development\\domingolab2\\lab2\\public\\index.php')
CRITICAL - 2023-09-24 07:07:58 --> Undefined variable $playlists
in APPPATH\Views\dump.php on line 68.
 1 APPPATH\Views\dump.php(68): CodeIgniter\Debug\Exceptions->errorHandler(2, 'Undefined variable $playlists', 'C:\\laragon\\www\\CodeIgniter4\\Activities\\Under Development\\domingolab2\\lab2\\app\\Views\\dump.php', 68)
 2 SYSTEMPATH\View\View.php(226): include('C:\\laragon\\www\\CodeIgniter4\\Activities\\Under Development\\domingolab2\\lab2\\app\\Views\\dump.php')
 3 SYSTEMPATH\View\View.php(229): CodeIgniter\View\View->CodeIgniter\View\{closure}()
 4 SYSTEMPATH\Common.php(1188): CodeIgniter\View\View->render('dump', [], true)
 5 APPPATH\Controllers\MainController.php(44): view('dump', [...])
 6 SYSTEMPATH\CodeIgniter.php(919): App\Controllers\MainController->playlist('1')
 7 SYSTEMPATH\CodeIgniter.php(494): CodeIgniter\CodeIgniter->runController(Object(App\Controllers\MainController))
 8 SYSTEMPATH\CodeIgniter.php(353): CodeIgniter\CodeIgniter->handleRequest(null, Object(Config\Cache), false)
 9 FCPATH\index.php(79): CodeIgniter\CodeIgniter->run()
10 SYSTEMPATH\Commands\Server\rewrite.php(47): require_once('C:\\laragon\\www\\CodeIgniter4\\Activities\\Under Development\\domingolab2\\lab2\\public\\index.php')
CRITICAL - 2023-09-24 07:08:14 --> Cannot access offset of type string on string
in APPPATH\Views\dump.php on line 97.
 1 SYSTEMPATH\View\View.php(226): include()
 2 SYSTEMPATH\View\View.php(229): CodeIgniter\View\View->CodeIgniter\View\{closure}()
 3 SYSTEMPATH\Common.php(1188): CodeIgniter\View\View->render('dump', [], true)
 4 APPPATH\Controllers\MainController.php(45): view('dump', [...])
 5 SYSTEMPATH\CodeIgniter.php(919): App\Controllers\MainController->playlist('1')
 6 SYSTEMPATH\CodeIgniter.php(494): CodeIgniter\CodeIgniter->runController(Object(App\Controllers\MainController))
 7 SYSTEMPATH\CodeIgniter.php(353): CodeIgniter\CodeIgniter->handleRequest(null, Object(Config\Cache), false)
 8 FCPATH\index.php(79): CodeIgniter\CodeIgniter->run()
 9 SYSTEMPATH\Commands\Server\rewrite.php(47): require_once('C:\\laragon\\www\\CodeIgniter4\\Activities\\Under Development\\domingolab2\\lab2\\public\\index.php')
CRITICAL - 2023-09-24 07:10:19 --> Cannot access offset of type string on string
in APPPATH\Views\dump.php on line 97.
 1 SYSTEMPATH\View\View.php(226): include()
 2 SYSTEMPATH\View\View.php(229): CodeIgniter\View\View->CodeIgniter\View\{closure}()
 3 SYSTEMPATH\Common.php(1188): CodeIgniter\View\View->render('dump', [], true)
 4 APPPATH\Controllers\MainController.php(45): view('dump', [...])
 5 SYSTEMPATH\CodeIgniter.php(919): App\Controllers\MainController->playlist('1')
 6 SYSTEMPATH\CodeIgniter.php(494): CodeIgniter\CodeIgniter->runController(Object(App\Controllers\MainController))
 7 SYSTEMPATH\CodeIgniter.php(353): CodeIgniter\CodeIgniter->handleRequest(null, Object(Config\Cache), false)
 8 FCPATH\index.php(79): CodeIgniter\CodeIgniter->run()
 9 SYSTEMPATH\Commands\Server\rewrite.php(47): require_once('C:\\laragon\\www\\CodeIgniter4\\Activities\\Under Development\\domingolab2\\lab2\\public\\index.php')
CRITICAL - 2023-09-24 07:11:40 --> syntax error, unexpected end of file
in APPPATH\Views\dump.php on line 274.
 1 SYSTEMPATH\View\View.php(229): CodeIgniter\View\View->CodeIgniter\View\{closure}()
 2 SYSTEMPATH\Common.php(1188): CodeIgniter\View\View->render('dump', [], true)
 3 APPPATH\Controllers\MainController.php(45): view('dump', [...])
 4 SYSTEMPATH\CodeIgniter.php(919): App\Controllers\MainController->playlist('1')
 5 SYSTEMPATH\CodeIgniter.php(494): CodeIgniter\CodeIgniter->runController(Object(App\Controllers\MainController))
 6 SYSTEMPATH\CodeIgniter.php(353): CodeIgniter\CodeIgniter->handleRequest(null, Object(Config\Cache), false)
 7 FCPATH\index.php(79): CodeIgniter\CodeIgniter->run()
 8 SYSTEMPATH\Commands\Server\rewrite.php(47): require_once('C:\\laragon\\www\\CodeIgniter4\\Activities\\Under Development\\domingolab2\\lab2\\public\\index.php')
CRITICAL - 2023-09-24 07:12:14 --> syntax error, unexpected end of file
in APPPATH\Views\dump.php on line 274.
 1 SYSTEMPATH\View\View.php(229): CodeIgniter\View\View->CodeIgniter\View\{closure}()
 2 SYSTEMPATH\Common.php(1188): CodeIgniter\View\View->render('dump', [], true)
 3 APPPATH\Controllers\MainController.php(45): view('dump', [...])
 4 SYSTEMPATH\CodeIgniter.php(919): App\Controllers\MainController->playlist('1')
 5 SYSTEMPATH\CodeIgniter.php(494): CodeIgniter\CodeIgniter->runController(Object(App\Controllers\MainController))
 6 SYSTEMPATH\CodeIgniter.php(353): CodeIgniter\CodeIgniter->handleRequest(null, Object(Config\Cache), false)
 7 FCPATH\index.php(79): CodeIgniter\CodeIgniter->run()
 8 SYSTEMPATH\Commands\Server\rewrite.php(47): require_once('C:\\laragon\\www\\CodeIgniter4\\Activities\\Under Development\\domingolab2\\lab2\\public\\index.php')
CRITICAL - 2023-09-24 07:19:39 --> foreach() argument must be of type array|object, null given
in APPPATH\Views\dump.php on line 96.
 1 APPPATH\Views\dump.php(96): CodeIgniter\Debug\Exceptions->errorHandler(2, 'foreach() argument must be of type array|object, null given', 'C:\\laragon\\www\\CodeIgniter4\\Activities\\Under Development\\domingolab2\\lab2\\app\\Views\\dump.php', 96)
 2 SYSTEMPATH\View\View.php(226): include('C:\\laragon\\www\\CodeIgniter4\\Activities\\Under Development\\domingolab2\\lab2\\app\\Views\\dump.php')
 3 SYSTEMPATH\View\View.php(229): CodeIgniter\View\View->CodeIgniter\View\{closure}()
 4 SYSTEMPATH\Common.php(1188): CodeIgniter\View\View->render('dump', [], true)
 5 APPPATH\Controllers\MainController.php(45): view('dump', [...])
 6 SYSTEMPATH\CodeIgniter.php(919): App\Controllers\MainController->playlist('2')
 7 SYSTEMPATH\CodeIgniter.php(494): CodeIgniter\CodeIgniter->runController(Object(App\Controllers\MainController))
 8 SYSTEMPATH\CodeIgniter.php(353): CodeIgniter\CodeIgniter->handleRequest(null, Object(Config\Cache), false)
 9 FCPATH\index.php(79): CodeIgniter\CodeIgniter->run()
10 SYSTEMPATH\Commands\Server\rewrite.php(47): require_once('C:\\laragon\\www\\CodeIgniter4\\Activities\\Under Development\\domingolab2\\lab2\\public\\index.php')
